2015/12/01 12:14:51 [error] [php] Use of undefined constant BASE_URL - assumed 'BASE_URL' (/var/www/host4.server4/public_html/blog/protected/views/home/index.php:25)
Stack trace:
#0 /var/www/host4.server4/public_html/blog/YiiRoot/framework/web/CController.php(869): HomeController->renderFile()
#1 /var/www/host4.server4/public_html/blog/YiiRoot/framework/web/CController.php(782): HomeController->renderPartial()
#2 /var/www/host4.server4/public_html/blog/protected/controllers/HomeController.php(7): HomeController->render()
#3 /var/www/host4.server4/public_html/blog/YiiRoot/framework/web/actions/CInlineAction.php(49): HomeController->actionIndex()
#4 /var/www/host4.server4/public_html/blog/YiiRoot/framework/web/CController.php(308): CInlineAction->runWithParams()
#5 /var/www/host4.server4/public_html/blog/YiiRoot/framework/web/CController.php(286): HomeController->runAction()
#6 /var/www/host4.server4/public_html/blog/YiiRoot/framework/web/CController.php(265): HomeController->runActionWithFilters()
#7 /var/www/host4.server4/public_html/blog/YiiRoot/framework/web/CWebApplication.php(282): HomeController->run()
#8 /var/www/host4.server4/public_html/blog/YiiRoot/framework/web/CWebApplication.php(141): CWebApplication->runController()
#9 /var/www/host4.server4/public_html/blog/YiiRoot/framework/base/CApplication.php(184): CWebApplication->processRequest()
#10 /var/www/host4.server4/public_html/blog/index.php(13): CWebApplication->run()
REQUEST_URI=/blog/
in /var/www/host4.server4/public_html/blog/protected/views/home/index.php (25)
in /var/www/host4.server4/public_html/blog/protected/controllers/HomeController.php (7)
in /var/www/host4.server4/public_html/blog/index.php (13)
2015/12/01 12:15:30 [error] [php] Use of undefined constant BASE_URL - assumed 'BASE_URL' (/var/www/host4.server4/public_html/blog/protected/views/home/index.php:25)
Stack trace:
#0 /var/www/host4.server4/public_html/blog/YiiRoot/framework/web/CController.php(869): HomeController->renderFile()
#1 /var/www/host4.server4/public_html/blog/YiiRoot/framework/web/CController.php(782): HomeController->renderPartial()
#2 /var/www/host4.server4/public_html/blog/protected/controllers/HomeController.php(7): HomeController->render()
#3 /var/www/host4.server4/public_html/blog/YiiRoot/framework/web/actions/CInlineAction.php(49): HomeController->actionIndex()
#4 /var/www/host4.server4/public_html/blog/YiiRoot/framework/web/CController.php(308): CInlineAction->runWithParams()
#5 /var/www/host4.server4/public_html/blog/YiiRoot/framework/web/CController.php(286): HomeController->runAction()
#6 /var/www/host4.server4/public_html/blog/YiiRoot/framework/web/CController.php(265): HomeController->runActionWithFilters()
#7 /var/www/host4.server4/public_html/blog/YiiRoot/framework/web/CWebApplication.php(282): HomeController->run()
#8 /var/www/host4.server4/public_html/blog/YiiRoot/framework/web/CWebApplication.php(141): CWebApplication->runController()
#9 /var/www/host4.server4/public_html/blog/YiiRoot/framework/base/CApplication.php(184): CWebApplication->processRequest()
#10 /var/www/host4.server4/public_html/blog/index.php(13): CWebApplication->run()
REQUEST_URI=/blog/
in /var/www/host4.server4/public_html/blog/protected/views/home/index.php (25)
in /var/www/host4.server4/public_html/blog/protected/controllers/HomeController.php (7)
in /var/www/host4.server4/public_html/blog/index.php (13)
2015/12/01 12:16:05 [error] [php] Use of undefined constant BASE_URL - assumed 'BASE_URL' (/var/www/host4.server4/public_html/blog/protected/views/home/index.php:25)
Stack trace:
#0 /var/www/host4.server4/public_html/blog/YiiRoot/framework/web/CController.php(869): HomeController->renderFile()
#1 /var/www/host4.server4/public_html/blog/YiiRoot/framework/web/CController.php(782): HomeController->renderPartial()
#2 /var/www/host4.server4/public_html/blog/protected/controllers/HomeController.php(7): HomeController->render()
#3 /var/www/host4.server4/public_html/blog/YiiRoot/framework/web/actions/CInlineAction.php(49): HomeController->actionIndex()
#4 /var/www/host4.server4/public_html/blog/YiiRoot/framework/web/CController.php(308): CInlineAction->runWithParams()
#5 /var/www/host4.server4/public_html/blog/YiiRoot/framework/web/CController.php(286): HomeController->runAction()
#6 /var/www/host4.server4/public_html/blog/YiiRoot/framework/web/CController.php(265): HomeController->runActionWithFilters()
#7 /var/www/host4.server4/public_html/blog/YiiRoot/framework/web/CWebApplication.php(282): HomeController->run()
#8 /var/www/host4.server4/public_html/blog/YiiRoot/framework/web/CWebApplication.php(141): CWebApplication->runController()
#9 /var/www/host4.server4/public_html/blog/YiiRoot/framework/base/CApplication.php(184): CWebApplication->processRequest()
#10 /var/www/host4.server4/public_html/blog/index.php(13): CWebApplication->run()
REQUEST_URI=/blog/
in /var/www/host4.server4/public_html/blog/protected/views/home/index.php (25)
in /var/www/host4.server4/public_html/blog/protected/controllers/HomeController.php (7)
in /var/www/host4.server4/public_html/blog/index.php (13)
2015/12/01 16:45:08 [error] [php] Use of undefined constant BASE_URL - assumed 'BASE_URL' (/var/www/host4.server4/public_html/blog/protected/views/home/index.php:53)
Stack trace:
#0 /var/www/host4.server4/public_html/blog/YiiRoot/framework/web/CController.php(869): HomeController->renderFile()
#1 /var/www/host4.server4/public_html/blog/YiiRoot/framework/web/CController.php(782): HomeController->renderPartial()
#2 /var/www/host4.server4/public_html/blog/protected/controllers/HomeController.php(7): HomeController->render()
#3 /var/www/host4.server4/public_html/blog/YiiRoot/framework/web/actions/CInlineAction.php(49): HomeController->actionIndex()
#4 /var/www/host4.server4/public_html/blog/YiiRoot/framework/web/CController.php(308): CInlineAction->runWithParams()
#5 /var/www/host4.server4/public_html/blog/YiiRoot/framework/web/CController.php(286): HomeController->runAction()
#6 /var/www/host4.server4/public_html/blog/YiiRoot/framework/web/CController.php(265): HomeController->runActionWithFilters()
#7 /var/www/host4.server4/public_html/blog/YiiRoot/framework/web/CWebApplication.php(282): HomeController->run()
#8 /var/www/host4.server4/public_html/blog/YiiRoot/framework/web/CWebApplication.php(141): CWebApplication->runController()
#9 /var/www/host4.server4/public_html/blog/YiiRoot/framework/base/CApplication.php(184): CWebApplication->processRequest()
#10 /var/www/host4.server4/public_html/blog/index.php(13): CWebApplication->run()
REQUEST_URI=/blog/?
in /var/www/host4.server4/public_html/blog/protected/views/home/index.php (53)
in /var/www/host4.server4/public_html/blog/protected/controllers/HomeController.php (7)
in /var/www/host4.server4/public_html/blog/index.php (13)
2015/12/01 21:50:35 [error] [php] Undefined variable: model (/var/www/host4.server4/public_html/blog/protected/views/profile/index.php:39)
Stack trace:
#0 /var/www/host4.server4/public_html/blog/YiiRoot/framework/web/CController.php(869): ProfileController->renderFile()
#1 /var/www/host4.server4/public_html/blog/YiiRoot/framework/web/CController.php(782): ProfileController->renderPartial()
#2 /var/www/host4.server4/public_html/blog/protected/controllers/ProfileController.php(7): ProfileController->render()
#3 /var/www/host4.server4/public_html/blog/YiiRoot/framework/web/actions/CInlineAction.php(49): ProfileController->actionIndex()
#4 /var/www/host4.server4/public_html/blog/YiiRoot/framework/web/CController.php(308): CInlineAction->runWithParams()
#5 /var/www/host4.server4/public_html/blog/YiiRoot/framework/web/CController.php(286): ProfileController->runAction()
#6 /var/www/host4.server4/public_html/blog/YiiRoot/framework/web/CController.php(265): ProfileController->runActionWithFilters()
#7 /var/www/host4.server4/public_html/blog/YiiRoot/framework/web/CWebApplication.php(282): ProfileController->run()
#8 /var/www/host4.server4/public_html/blog/YiiRoot/framework/web/CWebApplication.php(141): CWebApplication->runController()
#9 /var/www/host4.server4/public_html/blog/YiiRoot/framework/base/CApplication.php(184): CWebApplication->processRequest()
#10 /var/www/host4.server4/public_html/blog/index.php(13): CWebApplication->run()
REQUEST_URI=/blog/index.php?r=profile
in /var/www/host4.server4/public_html/blog/protected/views/profile/index.php (39)
in /var/www/host4.server4/public_html/blog/protected/controllers/ProfileController.php (7)
in /var/www/host4.server4/public_html/blog/index.php (13)
2015/12/01 21:51:13 [error] [exception.CDbException] exception 'CDbException' with message 'CDbConnection failed to open the DB connection: could not find driver' in /var/www/host4.server4/public_html/blog/YiiRoot/framework/db/CDbConnection.php:399
Stack trace:
#0 /var/www/host4.server4/public_html/blog/YiiRoot/framework/db/CDbConnection.php(347): CDbConnection->open()
#1 /var/www/host4.server4/public_html/blog/YiiRoot/framework/db/CDbConnection.php(325): CDbConnection->setActive(true)
#2 /var/www/host4.server4/public_html/blog/YiiRoot/framework/base/CModule.php(394): CDbConnection->init()
#3 /var/www/host4.server4/public_html/blog/YiiRoot/framework/base/CModule.php(103): CModule->getComponent('db')
#4 /var/www/host4.server4/public_html/blog/YiiRoot/framework/gii/generators/model/ModelCode.php(60): CModule->__get('db')
#5 /var/www/host4.server4/public_html/blog/YiiRoot/framework/web/CFormModel.php(39): ModelCode->init()
#6 /var/www/host4.server4/public_html/blog/YiiRoot/framework/gii/CCodeGenerator.php(153): CFormModel->__construct()
#7 /var/www/host4.server4/public_html/blog/YiiRoot/framework/gii/CCodeGenerator.php(63): CCodeGenerator->prepare()
#8 /var/www/host4.server4/public_html/blog/YiiRoot/framework/web/actions/CInlineAction.php(49): CCodeGenerator->actionIndex()
#9 /var/www/host4.server4/public_html/blog/YiiRoot/framework/web/CController.php(308): CInlineAction->runWithParams(Array)
#10 /var/www/host4.server4/public_html/blog/YiiRoot/framework/web/CController.php(286): CController->runAction(Object(CInlineAction))
#11 /var/www/host4.server4/public_html/blog/YiiRoot/framework/web/CController.php(265): CController->runActionWithFilters(Object(CInlineAction), Array)
#12 /var/www/host4.server4/public_html/blog/YiiRoot/framework/web/CWebApplication.php(282): CController->run('index')
#13 /var/www/host4.server4/public_html/blog/YiiRoot/framework/web/CWebApplication.php(141): CWebApplication->runController('gii/model/index')
#14 /var/www/host4.server4/public_html/blog/YiiRoot/framework/base/CApplication.php(184): CWebApplication->processRequest()
#15 /var/www/host4.server4/public_html/blog/index.php(13): CApplication->run()
#16 {main}
REQUEST_URI=/blog/index.php?r=gii/model/index
HTTP_REFERER=http://host4.server4/blog/index.php?r=gii/controller/index
---
2015/12/01 21:51:44 [error] [exception.CDbException] exception 'CDbException' with message 'CDbConnection failed to open the DB connection: could not find driver' in /var/www/host4.server4/public_html/blog/YiiRoot/framework/db/CDbConnection.php:399
Stack trace:
#0 /var/www/host4.server4/public_html/blog/YiiRoot/framework/db/CDbConnection.php(347): CDbConnection->open()
#1 /var/www/host4.server4/public_html/blog/YiiRoot/framework/db/CDbConnection.php(325): CDbConnection->setActive(true)
#2 /var/www/host4.server4/public_html/blog/YiiRoot/framework/base/CModule.php(394): CDbConnection->init()
#3 /var/www/host4.server4/public_html/blog/YiiRoot/framework/base/CModule.php(103): CModule->getComponent('db')
#4 /var/www/host4.server4/public_html/blog/YiiRoot/framework/gii/generators/model/ModelCode.php(60): CModule->__get('db')
#5 /var/www/host4.server4/public_html/blog/YiiRoot/framework/web/CFormModel.php(39): ModelCode->init()
#6 /var/www/host4.server4/public_html/blog/YiiRoot/framework/gii/CCodeGenerator.php(153): CFormModel->__construct()
#7 /var/www/host4.server4/public_html/blog/YiiRoot/framework/gii/CCodeGenerator.php(63): CCodeGenerator->prepare()
#8 /var/www/host4.server4/public_html/blog/YiiRoot/framework/web/actions/CInlineAction.php(49): CCodeGenerator->actionIndex()
#9 /var/www/host4.server4/public_html/blog/YiiRoot/framework/web/CController.php(308): CInlineAction->runWithParams(Array)
#10 /var/www/host4.server4/public_html/blog/YiiRoot/framework/web/CController.php(286): CController->runAction(Object(CInlineAction))
#11 /var/www/host4.server4/public_html/blog/YiiRoot/framework/web/CController.php(265): CController->runActionWithFilters(Object(CInlineAction), Array)
#12 /var/www/host4.server4/public_html/blog/YiiRoot/framework/web/CWebApplication.php(282): CController->run('index')
#13 /var/www/host4.server4/public_html/blog/YiiRoot/framework/web/CWebApplication.php(141): CWebApplication->runController('gii/model/index')
#14 /var/www/host4.server4/public_html/blog/YiiRoot/framework/base/CApplication.php(184): CWebApplication->processRequest()
#15 /var/www/host4.server4/public_html/blog/index.php(13): CApplication->run()
#16 {main}
REQUEST_URI=/blog/index.php?r=gii/model/index
HTTP_REFERER=http://host4.server4/blog/index.php?r=gii/controller/index
---
2015/12/01 21:51:53 [error] [exception.CDbException] exception 'CDbException' with message 'CDbConnection failed to open the DB connection: could not find driver' in /var/www/host4.server4/public_html/blog/YiiRoot/framework/db/CDbConnection.php:399
Stack trace:
#0 /var/www/host4.server4/public_html/blog/YiiRoot/framework/db/CDbConnection.php(347): CDbConnection->open()
#1 /var/www/host4.server4/public_html/blog/YiiRoot/framework/db/CDbConnection.php(325): CDbConnection->setActive(true)
#2 /var/www/host4.server4/public_html/blog/YiiRoot/framework/base/CModule.php(394): CDbConnection->init()
#3 /var/www/host4.server4/public_html/blog/YiiRoot/framework/base/CModule.php(103): CModule->getComponent('db')
#4 /var/www/host4.server4/public_html/blog/YiiRoot/framework/gii/generators/model/ModelCode.php(60): CModule->__get('db')
#5 /var/www/host4.server4/public_html/blog/YiiRoot/framework/web/CFormModel.php(39): ModelCode->init()
#6 /var/www/host4.server4/public_html/blog/YiiRoot/framework/gii/CCodeGenerator.php(153): CFormModel->__construct()
#7 /var/www/host4.server4/public_html/blog/YiiRoot/framework/gii/CCodeGenerator.php(63): CCodeGenerator->prepare()
#8 /var/www/host4.server4/public_html/blog/YiiRoot/framework/web/actions/CInlineAction.php(49): CCodeGenerator->actionIndex()
#9 /var/www/host4.server4/public_html/blog/YiiRoot/framework/web/CController.php(308): CInlineAction->runWithParams(Array)
#10 /var/www/host4.server4/public_html/blog/YiiRoot/framework/web/CController.php(286): CController->runAction(Object(CInlineAction))
#11 /var/www/host4.server4/public_html/blog/YiiRoot/framework/web/CController.php(265): CController->runActionWithFilters(Object(CInlineAction), Array)
#12 /var/www/host4.server4/public_html/blog/YiiRoot/framework/web/CWebApplication.php(282): CController->run('index')
#13 /var/www/host4.server4/public_html/blog/YiiRoot/framework/web/CWebApplication.php(141): CWebApplication->runController('gii/model/index')
#14 /var/www/host4.server4/public_html/blog/YiiRoot/framework/base/CApplication.php(184): CWebApplication->processRequest()
#15 /var/www/host4.server4/public_html/blog/index.php(13): CApplication->run()
#16 {main}
REQUEST_URI=/blog/index.php?r=gii/model/index
HTTP_REFERER=http://host4.server4/blog/index.php?r=gii
---
2015/12/01 21:55:36 [error] [exception.CDbException] exception 'CDbException' with message 'CDbConnection failed to open the DB connection: could not find driver' in /var/www/host4.server4/public_html/blog/YiiRoot/framework/db/CDbConnection.php:399
Stack trace:
#0 /var/www/host4.server4/public_html/blog/YiiRoot/framework/db/CDbConnection.php(347): CDbConnection->open()
#1 /var/www/host4.server4/public_html/blog/YiiRoot/framework/db/CDbConnection.php(325): CDbConnection->setActive(true)
#2 /var/www/host4.server4/public_html/blog/YiiRoot/framework/base/CModule.php(394): CDbConnection->init()
#3 /var/www/host4.server4/public_html/blog/YiiRoot/framework/base/CModule.php(103): CModule->getComponent('db')
#4 /var/www/host4.server4/public_html/blog/YiiRoot/framework/gii/generators/model/ModelCode.php(60): CModule->__get('db')
#5 /var/www/host4.server4/public_html/blog/YiiRoot/framework/web/CFormModel.php(39): ModelCode->init()
#6 /var/www/host4.server4/public_html/blog/YiiRoot/framework/gii/CCodeGenerator.php(153): CFormModel->__construct()
#7 /var/www/host4.server4/public_html/blog/YiiRoot/framework/gii/CCodeGenerator.php(63): CCodeGenerator->prepare()
#8 /var/www/host4.server4/public_html/blog/YiiRoot/framework/web/actions/CInlineAction.php(49): CCodeGenerator->actionIndex()
#9 /var/www/host4.server4/public_html/blog/YiiRoot/framework/web/CController.php(308): CInlineAction->runWithParams(Array)
#10 /var/www/host4.server4/public_html/blog/YiiRoot/framework/web/CController.php(286): CController->runAction(Object(CInlineAction))
#11 /var/www/host4.server4/public_html/blog/YiiRoot/framework/web/CController.php(265): CController->runActionWithFilters(Object(CInlineAction), Array)
#12 /var/www/host4.server4/public_html/blog/YiiRoot/framework/web/CWebApplication.php(282): CController->run('index')
#13 /var/www/host4.server4/public_html/blog/YiiRoot/framework/web/CWebApplication.php(141): CWebApplication->runController('gii/model/index')
#14 /var/www/host4.server4/public_html/blog/YiiRoot/framework/base/CApplication.php(184): CWebApplication->processRequest()
#15 /var/www/host4.server4/public_html/blog/index.php(13): CApplication->run()
#16 {main}
REQUEST_URI=/blog/index.php?r=gii/model/index
HTTP_REFERER=http://host4.server4/blog/index.php?r=gii/controller/index
---
2015/12/01 22:16:29 [error] [php] Undefined variable: model (/var/www/host4.server4/public_html/blog/protected/views/home/index.php:70)
Stack trace:
#0 /var/www/host4.server4/public_html/blog/YiiRoot/framework/web/CController.php(869): HomeController->renderFile()
#1 /var/www/host4.server4/public_html/blog/YiiRoot/framework/web/CController.php(782): HomeController->renderPartial()
#2 /var/www/host4.server4/public_html/blog/protected/controllers/HomeController.php(7): HomeController->render()
#3 /var/www/host4.server4/public_html/blog/YiiRoot/framework/web/actions/CInlineAction.php(49): HomeController->actionIndex()
#4 /var/www/host4.server4/public_html/blog/YiiRoot/framework/web/CController.php(308): CInlineAction->runWithParams()
#5 /var/www/host4.server4/public_html/blog/YiiRoot/framework/web/CController.php(286): HomeController->runAction()
#6 /var/www/host4.server4/public_html/blog/YiiRoot/framework/web/CController.php(265): HomeController->runActionWithFilters()
#7 /var/www/host4.server4/public_html/blog/YiiRoot/framework/web/CWebApplication.php(282): HomeController->run()
#8 /var/www/host4.server4/public_html/blog/YiiRoot/framework/web/CWebApplication.php(141): CWebApplication->runController()
#9 /var/www/host4.server4/public_html/blog/YiiRoot/framework/base/CApplication.php(184): CWebApplication->processRequest()
#10 /var/www/host4.server4/public_html/blog/index.php(13): CWebApplication->run()
REQUEST_URI=/blog/
in /var/www/host4.server4/public_html/blog/protected/views/home/index.php (70)
in /var/www/host4.server4/public_html/blog/protected/controllers/HomeController.php (7)
in /var/www/host4.server4/public_html/blog/index.php (13)
2015/12/01 22:17:25 [error] [php] include(LoginForm.php): failed to open stream: No such file or directory (/var/www/host4.server4/public_html/blog/YiiRoot/framework/YiiBase.php:432)
Stack trace:
#0 /var/www/host4.server4/public_html/blog/protected/controllers/SiteController.php(80): spl_autoload_call()
#1 /var/www/host4.server4/public_html/blog/YiiRoot/framework/web/actions/CInlineAction.php(49): SiteController->actionLogin()
#2 /var/www/host4.server4/public_html/blog/YiiRoot/framework/web/CController.php(308): CInlineAction->runWithParams()
#3 /var/www/host4.server4/public_html/blog/YiiRoot/framework/web/CController.php(286): SiteController->runAction()
#4 /var/www/host4.server4/public_html/blog/YiiRoot/framework/web/CController.php(265): SiteController->runActionWithFilters()
#5 /var/www/host4.server4/public_html/blog/YiiRoot/framework/web/CWebApplication.php(282): SiteController->run()
#6 /var/www/host4.server4/public_html/blog/YiiRoot/framework/web/CWebApplication.php(141): CWebApplication->runController()
#7 /var/www/host4.server4/public_html/blog/YiiRoot/framework/base/CApplication.php(184): CWebApplication->processRequest()
#8 /var/www/host4.server4/public_html/blog/index.php(13): CWebApplication->run()
REQUEST_URI=/blog/index.php?r=site/login
in /var/www/host4.server4/public_html/blog/protected/controllers/SiteController.php (80)
in /var/www/host4.server4/public_html/blog/index.php (13)
2015/12/01 22:21:05 [error] [php] Undefined variable: model (/var/www/host4.server4/public_html/blog/protected/views/home/index.php:60)
Stack trace:
#0 /var/www/host4.server4/public_html/blog/YiiRoot/framework/web/CController.php(869): HomeController->renderFile()
#1 /var/www/host4.server4/public_html/blog/YiiRoot/framework/web/CController.php(782): HomeController->renderPartial()
#2 /var/www/host4.server4/public_html/blog/protected/controllers/HomeController.php(7): HomeController->render()
#3 /var/www/host4.server4/public_html/blog/YiiRoot/framework/web/actions/CInlineAction.php(49): HomeController->actionIndex()
#4 /var/www/host4.server4/public_html/blog/YiiRoot/framework/web/CController.php(308): CInlineAction->runWithParams()
#5 /var/www/host4.server4/public_html/blog/YiiRoot/framework/web/CController.php(286): HomeController->runAction()
#6 /var/www/host4.server4/public_html/blog/YiiRoot/framework/web/CController.php(265): HomeController->runActionWithFilters()
#7 /var/www/host4.server4/public_html/blog/YiiRoot/framework/web/CWebApplication.php(282): HomeController->run()
#8 /var/www/host4.server4/public_html/blog/YiiRoot/framework/web/CWebApplication.php(141): CWebApplication->runController()
#9 /var/www/host4.server4/public_html/blog/YiiRoot/framework/base/CApplication.php(184): CWebApplication->processRequest()
#10 /var/www/host4.server4/public_html/blog/index.php(13): CWebApplication->run()
REQUEST_URI=/blog/index.php
in /var/www/host4.server4/public_html/blog/protected/views/home/index.php (60)
in /var/www/host4.server4/public_html/blog/protected/controllers/HomeController.php (7)
in /var/www/host4.server4/public_html/blog/index.php (13)
2015/12/01 22:21:56 [error] [php] Undefined variable: model (/var/www/host4.server4/public_html/blog/protected/views/home/index.php:60)
Stack trace:
#0 /var/www/host4.server4/public_html/blog/YiiRoot/framework/web/CController.php(869): HomeController->renderFile()
#1 /var/www/host4.server4/public_html/blog/YiiRoot/framework/web/CController.php(782): HomeController->renderPartial()
#2 /var/www/host4.server4/public_html/blog/protected/controllers/HomeController.php(7): HomeController->render()
#3 /var/www/host4.server4/public_html/blog/YiiRoot/framework/web/actions/CInlineAction.php(49): HomeController->actionIndex()
#4 /var/www/host4.server4/public_html/blog/YiiRoot/framework/web/CController.php(308): CInlineAction->runWithParams()
#5 /var/www/host4.server4/public_html/blog/YiiRoot/framework/web/CController.php(286): HomeController->runAction()
#6 /var/www/host4.server4/public_html/blog/YiiRoot/framework/web/CController.php(265): HomeController->runActionWithFilters()
#7 /var/www/host4.server4/public_html/blog/YiiRoot/framework/web/CWebApplication.php(282): HomeController->run()
#8 /var/www/host4.server4/public_html/blog/YiiRoot/framework/web/CWebApplication.php(141): CWebApplication->runController()
#9 /var/www/host4.server4/public_html/blog/YiiRoot/framework/base/CApplication.php(184): CWebApplication->processRequest()
#10 /var/www/host4.server4/public_html/blog/index.php(13): CWebApplication->run()
REQUEST_URI=/blog/
in /var/www/host4.server4/public_html/blog/protected/views/home/index.php (60)
in /var/www/host4.server4/public_html/blog/protected/controllers/HomeController.php (7)
in /var/www/host4.server4/public_html/blog/index.php (13)
2015/12/01 22:35:55 [error] [exception.CException] exception 'CException' with message 'HomeController cannot find the requested view "users_list".' in /var/www/host4.server4/public_html/blog/YiiRoot/framework/web/CController.php:878
Stack trace:
#0 /var/www/host4.server4/public_html/blog/YiiRoot/framework/web/CController.php(782): CController->renderPartial('users_list', Array, true)
#1 /var/www/host4.server4/public_html/blog/protected/controllers/HomeController.php(11): CController->render('users_list', Array)
#2 /var/www/host4.server4/public_html/blog/YiiRoot/framework/web/actions/CInlineAction.php(49): HomeController->actionIndex()
#3 /var/www/host4.server4/public_html/blog/YiiRoot/framework/web/CController.php(308): CInlineAction->runWithParams(Array)
#4 /var/www/host4.server4/public_html/blog/YiiRoot/framework/web/CController.php(286): CController->runAction(Object(CInlineAction))
#5 /var/www/host4.server4/public_html/blog/YiiRoot/framework/web/CController.php(265): CController->runActionWithFilters(Object(CInlineAction), Array)
#6 /var/www/host4.server4/public_html/blog/YiiRoot/framework/web/CWebApplication.php(282): CController->run('')
#7 /var/www/host4.server4/public_html/blog/YiiRoot/framework/web/CWebApplication.php(141): CWebApplication->runController('')
#8 /var/www/host4.server4/public_html/blog/YiiRoot/framework/base/CApplication.php(184): CWebApplication->processRequest()
#9 /var/www/host4.server4/public_html/blog/index.php(13): CApplication->run()
#10 {main}
REQUEST_URI=/blog/
---
2015/12/01 22:35:56 [error] [exception.CException] exception 'CException' with message 'HomeController cannot find the requested view "users_list".' in /var/www/host4.server4/public_html/blog/YiiRoot/framework/web/CController.php:878
Stack trace:
#0 /var/www/host4.server4/public_html/blog/YiiRoot/framework/web/CController.php(782): CController->renderPartial('users_list', Array, true)
#1 /var/www/host4.server4/public_html/blog/protected/controllers/HomeController.php(11): CController->render('users_list', Array)
#2 /var/www/host4.server4/public_html/blog/YiiRoot/framework/web/actions/CInlineAction.php(49): HomeController->actionIndex()
#3 /var/www/host4.server4/public_html/blog/YiiRoot/framework/web/CController.php(308): CInlineAction->runWithParams(Array)
#4 /var/www/host4.server4/public_html/blog/YiiRoot/framework/web/CController.php(286): CController->runAction(Object(CInlineAction))
#5 /var/www/host4.server4/public_html/blog/YiiRoot/framework/web/CController.php(265): CController->runActionWithFilters(Object(CInlineAction), Array)
#6 /var/www/host4.server4/public_html/blog/YiiRoot/framework/web/CWebApplication.php(282): CController->run('')
#7 /var/www/host4.server4/public_html/blog/YiiRoot/framework/web/CWebApplication.php(141): CWebApplication->runController('')
#8 /var/www/host4.server4/public_html/blog/YiiRoot/framework/base/CApplication.php(184): CWebApplication->processRequest()
#9 /var/www/host4.server4/public_html/blog/index.php(13): CApplication->run()
#10 {main}
REQUEST_URI=/blog/
---
2015/12/01 22:37:14 [error] [php] Undefined variable: form (/var/www/host4.server4/public_html/blog/protected/views/home/index.php:68)
Stack trace:
#0 /var/www/host4.server4/public_html/blog/YiiRoot/framework/web/CController.php(869): HomeController->renderFile()
#1 /var/www/host4.server4/public_html/blog/YiiRoot/framework/web/CController.php(782): HomeController->renderPartial()
#2 /var/www/host4.server4/public_html/blog/protected/controllers/HomeController.php(11): HomeController->render()
#3 /var/www/host4.server4/public_html/blog/YiiRoot/framework/web/actions/CInlineAction.php(49): HomeController->actionIndex()
#4 /var/www/host4.server4/public_html/blog/YiiRoot/framework/web/CController.php(308): CInlineAction->runWithParams()
#5 /var/www/host4.server4/public_html/blog/YiiRoot/framework/web/CController.php(286): HomeController->runAction()
#6 /var/www/host4.server4/public_html/blog/YiiRoot/framework/web/CController.php(265): HomeController->runActionWithFilters()
#7 /var/www/host4.server4/public_html/blog/YiiRoot/framework/web/CWebApplication.php(282): HomeController->run()
#8 /var/www/host4.server4/public_html/blog/YiiRoot/framework/web/CWebApplication.php(141): CWebApplication->runController()
#9 /var/www/host4.server4/public_html/blog/YiiRoot/framework/base/CApplication.php(184): CWebApplication->processRequest()
#10 /var/www/host4.server4/public_html/blog/index.php(13): CWebApplication->run()
REQUEST_URI=/blog/
in /var/www/host4.server4/public_html/blog/protected/views/home/index.php (68)
in /var/www/host4.server4/public_html/blog/protected/controllers/HomeController.php (11)
in /var/www/host4.server4/public_html/blog/index.php (13)
2015/12/01 22:38:26 [error] [php] Undefined variable: form (/var/www/host4.server4/public_html/blog/protected/views/home/index.php:68)
Stack trace:
#0 /var/www/host4.server4/public_html/blog/YiiRoot/framework/web/CController.php(869): HomeController->renderFile()
#1 /var/www/host4.server4/public_html/blog/YiiRoot/framework/web/CController.php(782): HomeController->renderPartial()
#2 /var/www/host4.server4/public_html/blog/protected/controllers/HomeController.php(11): HomeController->render()
#3 /var/www/host4.server4/public_html/blog/YiiRoot/framework/web/actions/CInlineAction.php(49): HomeController->actionIndex()
#4 /var/www/host4.server4/public_html/blog/YiiRoot/framework/web/CController.php(308): CInlineAction->runWithParams()
#5 /var/www/host4.server4/public_html/blog/YiiRoot/framework/web/CController.php(286): HomeController->runAction()
#6 /var/www/host4.server4/public_html/blog/YiiRoot/framework/web/CController.php(265): HomeController->runActionWithFilters()
#7 /var/www/host4.server4/public_html/blog/YiiRoot/framework/web/CWebApplication.php(282): HomeController->run()
#8 /var/www/host4.server4/public_html/blog/YiiRoot/framework/web/CWebApplication.php(141): CWebApplication->runController()
#9 /var/www/host4.server4/public_html/blog/YiiRoot/framework/base/CApplication.php(184): CWebApplication->processRequest()
#10 /var/www/host4.server4/public_html/blog/index.php(13): CWebApplication->run()
REQUEST_URI=/blog/
in /var/www/host4.server4/public_html/blog/protected/views/home/index.php (68)
in /var/www/host4.server4/public_html/blog/protected/controllers/HomeController.php (11)
in /var/www/host4.server4/public_html/blog/index.php (13)
2015/12/01 22:39:18 [error] [php] Undefined variable: form (/var/www/host4.server4/public_html/blog/protected/views/home/index.php:68)
Stack trace:
#0 /var/www/host4.server4/public_html/blog/YiiRoot/framework/web/CController.php(869): HomeController->renderFile()
#1 /var/www/host4.server4/public_html/blog/YiiRoot/framework/web/CController.php(782): HomeController->renderPartial()
#2 /var/www/host4.server4/public_html/blog/protected/controllers/HomeController.php(11): HomeController->render()
#3 /var/www/host4.server4/public_html/blog/YiiRoot/framework/web/actions/CInlineAction.php(49): HomeController->actionIndex()
#4 /var/www/host4.server4/public_html/blog/YiiRoot/framework/web/CController.php(308): CInlineAction->runWithParams()
#5 /var/www/host4.server4/public_html/blog/YiiRoot/framework/web/CController.php(286): HomeController->runAction()
#6 /var/www/host4.server4/public_html/blog/YiiRoot/framework/web/CController.php(265): HomeController->runActionWithFilters()
#7 /var/www/host4.server4/public_html/blog/YiiRoot/framework/web/CWebApplication.php(282): HomeController->run()
#8 /var/www/host4.server4/public_html/blog/YiiRoot/framework/web/CWebApplication.php(141): CWebApplication->runController()
#9 /var/www/host4.server4/public_html/blog/YiiRoot/framework/base/CApplication.php(184): CWebApplication->processRequest()
#10 /var/www/host4.server4/public_html/blog/index.php(13): CWebApplication->run()
REQUEST_URI=/blog/
in /var/www/host4.server4/public_html/blog/protected/views/home/index.php (68)
in /var/www/host4.server4/public_html/blog/protected/controllers/HomeController.php (11)
in /var/www/host4.server4/public_html/blog/index.php (13)
2015/12/01 22:39:54 [error] [php] Trying to get property of non-object (/var/www/host4.server4/public_html/blog/protected/views/home/index.php:60)
Stack trace:
#0 /var/www/host4.server4/public_html/blog/YiiRoot/framework/web/CController.php(869): HomeController->renderFile()
#1 /var/www/host4.server4/public_html/blog/YiiRoot/framework/web/CController.php(782): HomeController->renderPartial()
#2 /var/www/host4.server4/public_html/blog/protected/controllers/HomeController.php(10): HomeController->render()
#3 /var/www/host4.server4/public_html/blog/YiiRoot/framework/web/actions/CInlineAction.php(49): HomeController->actionIndex()
#4 /var/www/host4.server4/public_html/blog/YiiRoot/framework/web/CController.php(308): CInlineAction->runWithParams()
#5 /var/www/host4.server4/public_html/blog/YiiRoot/framework/web/CController.php(286): HomeController->runAction()
#6 /var/www/host4.server4/public_html/blog/YiiRoot/framework/web/CController.php(265): HomeController->runActionWithFilters()
#7 /var/www/host4.server4/public_html/blog/YiiRoot/framework/web/CWebApplication.php(282): HomeController->run()
#8 /var/www/host4.server4/public_html/blog/YiiRoot/framework/web/CWebApplication.php(141): CWebApplication->runController()
#9 /var/www/host4.server4/public_html/blog/YiiRoot/framework/base/CApplication.php(184): CWebApplication->processRequest()
#10 /var/www/host4.server4/public_html/blog/index.php(13): CWebApplication->run()
REQUEST_URI=/blog/
in /var/www/host4.server4/public_html/blog/protected/views/home/index.php (60)
in /var/www/host4.server4/public_html/blog/protected/controllers/HomeController.php (10)
in /var/www/host4.server4/public_html/blog/index.php (13)
2015/12/01 22:42:12 [error] [exception.CException] exception 'CException' with message 'Property "User.password_repeat" is not defined.' in /var/www/host4.server4/public_html/blog/YiiRoot/framework/base/CComponent.php:130
Stack trace:
#0 /var/www/host4.server4/public_html/blog/YiiRoot/framework/db/ar/CActiveRecord.php(145): CComponent->__get('password_repeat')
#1 /var/www/host4.server4/public_html/blog/YiiRoot/framework/web/helpers/CHtml.php(2728): CActiveRecord->__get('password_repeat')
#2 /var/www/host4.server4/public_html/blog/YiiRoot/framework/web/helpers/CHtml.php(2451): CHtml::resolveValue(Object(User), 'password_repeat')
#3 /var/www/host4.server4/public_html/blog/YiiRoot/framework/web/helpers/CHtml.php(1807): CHtml::activeInputField('password', Object(User), 'password_repeat', Array)
#4 /var/www/host4.server4/public_html/blog/protected/views/home/index.php(78): CHtml::activePasswordField(Object(User), 'password_repeat')
#5 /var/www/host4.server4/public_html/blog/YiiRoot/framework/web/CBaseController.php(126): require('/var/www/host4....')
#6 /var/www/host4.server4/public_html/blog/YiiRoot/framework/web/CBaseController.php(95): CBaseController->renderInternal('/var/www/host4....', Array, true)
#7 /var/www/host4.server4/public_html/blog/YiiRoot/framework/web/CController.php(869): CBaseController->renderFile('/var/www/host4....', Array, true)
#8 /var/www/host4.server4/public_html/blog/YiiRoot/framework/web/CController.php(782): CController->renderPartial('index', Array, true)
#9 /var/www/host4.server4/public_html/blog/protected/controllers/HomeController.php(27): CController->render('index', Array)
#10 /var/www/host4.server4/public_html/blog/YiiRoot/framework/web/actions/CInlineAction.php(49): HomeController->actionIndex()
#11 /var/www/host4.server4/public_html/blog/YiiRoot/framework/web/CController.php(308): CInlineAction->runWithParams(Array)
#12 /var/www/host4.server4/public_html/blog/YiiRoot/framework/web/CController.php(286): CController->runAction(Object(CInlineAction))
#13 /var/www/host4.server4/public_html/blog/YiiRoot/framework/web/CController.php(265): CController->runActionWithFilters(Object(CInlineAction), Array)
#14 /var/www/host4.server4/public_html/blog/YiiRoot/framework/web/CWebApplication.php(282): CController->run('')
#15 /var/www/host4.server4/public_html/blog/YiiRoot/framework/web/CWebApplication.php(141): CWebApplication->runController('')
#16 /var/www/host4.server4/public_html/blog/YiiRoot/framework/base/CApplication.php(184): CWebApplication->processRequest()
#17 /var/www/host4.server4/public_html/blog/index.php(13): CApplication->run()
#18 {main}
REQUEST_URI=/blog/
---
2015/12/01 22:43:25 [error] [exception.CException] exception 'CException' with message 'UserController cannot find the requested view "index".' in /var/www/host4.server4/public_html/blog/YiiRoot/framework/web/CController.php:878
Stack trace:
#0 /var/www/host4.server4/public_html/blog/YiiRoot/framework/web/CController.php(782): CController->renderPartial('index', Array, true)
#1 /var/www/host4.server4/public_html/blog/protected/controllers/UserController.php(128): CController->render('index', Array)
#2 /var/www/host4.server4/public_html/blog/YiiRoot/framework/web/actions/CInlineAction.php(49): UserController->actionIndex()
#3 /var/www/host4.server4/public_html/blog/YiiRoot/framework/web/CController.php(308): CInlineAction->runWithParams(Array)
#4 /var/www/host4.server4/public_html/blog/YiiRoot/framework/web/filters/CFilterChain.php(133): CController->runAction(Object(CInlineAction))
#5 /var/www/host4.server4/public_html/blog/YiiRoot/framework/web/filters/CFilter.php(40): CFilterChain->run()
#6 /var/www/host4.server4/public_html/blog/YiiRoot/framework/web/CController.php(1145): CFilter->filter(Object(CFilterChain))
#7 /var/www/host4.server4/public_html/blog/YiiRoot/framework/web/filters/CInlineFilter.php(58): CController->filterAccessControl(Object(CFilterChain))
#8 /var/www/host4.server4/public_html/blog/YiiRoot/framework/web/filters/CFilterChain.php(130): CInlineFilter->filter(Object(CFilterChain))
#9 /var/www/host4.server4/public_html/blog/YiiRoot/framework/web/CController.php(291): CFilterChain->run()
#10 /var/www/host4.server4/public_html/blog/YiiRoot/framework/web/CController.php(265): CController->runActionWithFilters(Object(CInlineAction), Array)
#11 /var/www/host4.server4/public_html/blog/YiiRoot/framework/web/CWebApplication.php(282): CController->run('')
#12 /var/www/host4.server4/public_html/blog/YiiRoot/framework/web/CWebApplication.php(141): CWebApplication->runController('user')
#13 /var/www/host4.server4/public_html/blog/YiiRoot/framework/base/CApplication.php(184): CWebApplication->processRequest()
#14 /var/www/host4.server4/public_html/blog/index.php(13): CApplication->run()
#15 {main}
REQUEST_URI=/blog/index.php?r=user
HTTP_REFERER=http://host4.server4/blog/
---
2015/12/01 22:45:48 [error] [php] Object of class User could not be converted to string (/var/www/host4.server4/public_html/blog/protected/views/home/index.php:56)
Stack trace:
#0 /var/www/host4.server4/public_html/blog/YiiRoot/framework/web/CController.php(869): HomeController->renderFile()
#1 /var/www/host4.server4/public_html/blog/YiiRoot/framework/web/CController.php(782): HomeController->renderPartial()
#2 /var/www/host4.server4/public_html/blog/protected/controllers/HomeController.php(27): HomeController->render()
#3 /var/www/host4.server4/public_html/blog/YiiRoot/framework/web/actions/CInlineAction.php(49): HomeController->actionIndex()
#4 /var/www/host4.server4/public_html/blog/YiiRoot/framework/web/CController.php(308): CInlineAction->runWithParams()
#5 /var/www/host4.server4/public_html/blog/YiiRoot/framework/web/CController.php(286): HomeController->runAction()
#6 /var/www/host4.server4/public_html/blog/YiiRoot/framework/web/CController.php(265): HomeController->runActionWithFilters()
#7 /var/www/host4.server4/public_html/blog/YiiRoot/framework/web/CWebApplication.php(282): HomeController->run()
#8 /var/www/host4.server4/public_html/blog/YiiRoot/framework/web/CWebApplication.php(141): CWebApplication->runController()
#9 /var/www/host4.server4/public_html/blog/YiiRoot/framework/base/CApplication.php(184): CWebApplication->processRequest()
#10 /var/www/host4.server4/public_html/blog/index.php(13): CWebApplication->run()
REQUEST_URI=/blog/
in /var/www/host4.server4/public_html/blog/protected/views/home/index.php (56)
in /var/www/host4.server4/public_html/blog/protected/controllers/HomeController.php (27)
in /var/www/host4.server4/public_html/blog/index.php (13)
2015/12/01 22:47:11 [error] [php] Object of class User could not be converted to string (/var/www/host4.server4/public_html/blog/protected/views/home/index.php:56)
Stack trace:
#0 /var/www/host4.server4/public_html/blog/YiiRoot/framework/web/CController.php(869): HomeController->renderFile()
#1 /var/www/host4.server4/public_html/blog/YiiRoot/framework/web/CController.php(782): HomeController->renderPartial()
#2 /var/www/host4.server4/public_html/blog/protected/controllers/HomeController.php(27): HomeController->render()
#3 /var/www/host4.server4/public_html/blog/YiiRoot/framework/web/actions/CInlineAction.php(49): HomeController->actionIndex()
#4 /var/www/host4.server4/public_html/blog/YiiRoot/framework/web/CController.php(308): CInlineAction->runWithParams()
#5 /var/www/host4.server4/public_html/blog/YiiRoot/framework/web/CController.php(286): HomeController->runAction()
#6 /var/www/host4.server4/public_html/blog/YiiRoot/framework/web/CController.php(265): HomeController->runActionWithFilters()
#7 /var/www/host4.server4/public_html/blog/YiiRoot/framework/web/CWebApplication.php(282): HomeController->run()
#8 /var/www/host4.server4/public_html/blog/YiiRoot/framework/web/CWebApplication.php(141): CWebApplication->runController()
#9 /var/www/host4.server4/public_html/blog/YiiRoot/framework/base/CApplication.php(184): CWebApplication->processRequest()
#10 /var/www/host4.server4/public_html/blog/index.php(13): CWebApplication->run()
REQUEST_URI=/blog/
in /var/www/host4.server4/public_html/blog/protected/views/home/index.php (56)
in /var/www/host4.server4/public_html/blog/protected/controllers/HomeController.php (27)
in /var/www/host4.server4/public_html/blog/index.php (13)
2015/12/02 21:06:37 [error] [php] include(User.php): failed to open stream: No such file or directory (/var/www/host4.server4/public_html/blog/YiiRoot/framework/YiiBase.php:432)
Stack trace:
#0 /var/www/host4.server4/public_html/blog/protected/controllers/HomeController.php(8): spl_autoload_call()
#1 /var/www/host4.server4/public_html/blog/YiiRoot/framework/web/actions/CInlineAction.php(49): HomeController->actionIndex()
#2 /var/www/host4.server4/public_html/blog/YiiRoot/framework/web/CController.php(308): CInlineAction->runWithParams()
#3 /var/www/host4.server4/public_html/blog/YiiRoot/framework/web/CController.php(286): HomeController->runAction()
#4 /var/www/host4.server4/public_html/blog/YiiRoot/framework/web/CController.php(265): HomeController->runActionWithFilters()
#5 /var/www/host4.server4/public_html/blog/YiiRoot/framework/web/CWebApplication.php(282): HomeController->run()
#6 /var/www/host4.server4/public_html/blog/YiiRoot/framework/web/CWebApplication.php(141): CWebApplication->runController()
#7 /var/www/host4.server4/public_html/blog/YiiRoot/framework/base/CApplication.php(184): CWebApplication->processRequest()
#8 /var/www/host4.server4/public_html/blog/index.php(13): CWebApplication->run()
REQUEST_URI=/blog/index.php
in /var/www/host4.server4/public_html/blog/protected/controllers/HomeController.php (8)
in /var/www/host4.server4/public_html/blog/index.php (13)
2015/12/02 21:21:29 [error] [php] Undefined variable: result (/var/www/host4.server4/public_html/blog/protected/views/home/index.php:69)
Stack trace:
#0 /var/www/host4.server4/public_html/blog/YiiRoot/framework/web/CController.php(869): HomeController->renderFile()
#1 /var/www/host4.server4/public_html/blog/YiiRoot/framework/web/CController.php(782): HomeController->renderPartial()
#2 /var/www/host4.server4/public_html/blog/protected/controllers/HomeController.php(8): HomeController->render()
#3 /var/www/host4.server4/public_html/blog/YiiRoot/framework/web/actions/CInlineAction.php(49): HomeController->actionIndex()
#4 /var/www/host4.server4/public_html/blog/YiiRoot/framework/web/CController.php(308): CInlineAction->runWithParams()
#5 /var/www/host4.server4/public_html/blog/YiiRoot/framework/web/CController.php(286): HomeController->runAction()
#6 /var/www/host4.server4/public_html/blog/YiiRoot/framework/web/CController.php(265): HomeController->runActionWithFilters()
#7 /var/www/host4.server4/public_html/blog/YiiRoot/framework/web/CWebApplication.php(282): HomeController->run()
#8 /var/www/host4.server4/public_html/blog/YiiRoot/framework/web/CWebApplication.php(141): CWebApplication->runController()
#9 /var/www/host4.server4/public_html/blog/YiiRoot/framework/base/CApplication.php(184): CWebApplication->processRequest()
#10 /var/www/host4.server4/public_html/blog/index.php(13): CWebApplication->run()
REQUEST_URI=/blog/index.php?num1=4&num2=3
in /var/www/host4.server4/public_html/blog/protected/views/home/index.php (69)
in /var/www/host4.server4/public_html/blog/protected/controllers/HomeController.php (8)
in /var/www/host4.server4/public_html/blog/index.php (13)
2015/12/02 22:07:37 [error] [system.db.CDbCommand] CDbCommand::fetchAll() failed: SQLSTATE[42S02]: Base table or view not found: 1146 Table 'blog.tbl' doesn't exist. The SQL statement executed was: SHOW FULL COLUMNS FROM `tbl`.
in /var/www/host4.server4/public_html/blog/index.php (13)
2015/12/02 22:16:05 [error] [system.db.CDbCommand] CDbCommand::fetchAll() failed: SQLSTATE[42S02]: Base table or view not found: 1146 Table 'blog.tbl' doesn't exist. The SQL statement executed was: SHOW FULL COLUMNS FROM `tbl`.
in /var/www/host4.server4/public_html/blog/index.php (13)
2015/12/02 22:17:17 [error] [system.db.CDbCommand] CDbCommand::fetchAll() failed: SQLSTATE[42S02]: Base table or view not found: 1146 Table 'blog.tbl' doesn't exist. The SQL statement executed was: SHOW FULL COLUMNS FROM `tbl`.
in /var/www/host4.server4/public_html/blog/index.php (13)
2015/12/02 22:27:20 [error] [exception.CException] exception 'CException' with message 'Alias "bs.TbPanel" is invalid. Make sure it points to an existing directory or file.' in /var/www/host4.server4/public_html/blog/YiiRoot/framework/YiiBase.php:348
Stack trace:
#0 /var/www/host4.server4/public_html/blog/YiiRoot/framework/web/CWidgetFactory.php(146): YiiBase::import('bs.TbPanel', true)
#1 /var/www/host4.server4/public_html/blog/YiiRoot/framework/web/CBaseController.php(146): CWidgetFactory->createWidget(Object(UsersController), 'bs.TbPanel', Array)
#2 /var/www/host4.server4/public_html/blog/YiiRoot/framework/web/CBaseController.php(197): CBaseController->createWidget('bs.TbPanel', Array)
#3 /var/www/host4.server4/public_html/blog/protected/views/users/index.php(20): CBaseController->beginWidget('bs.TbPanel', Array)
#4 /var/www/host4.server4/public_html/blog/YiiRoot/framework/web/CBaseController.php(126): require('/var/www/host4....')
#5 /var/www/host4.server4/public_html/blog/YiiRoot/framework/web/CBaseController.php(95): CBaseController->renderInternal('/var/www/host4....', Array, true)
#6 /var/www/host4.server4/public_html/blog/YiiRoot/framework/web/CController.php(869): CBaseController->renderFile('/var/www/host4....', Array, true)
#7 /var/www/host4.server4/public_html/blog/YiiRoot/framework/web/CController.php(782): CController->renderPartial('index', Array, true)
#8 /var/www/host4.server4/public_html/blog/protected/controllers/UsersController.php(24): CController->render('index', Array)
#9 /var/www/host4.server4/public_html/blog/YiiRoot/framework/web/actions/CInlineAction.php(49): UsersController->actionIndex()
#10 /var/www/host4.server4/public_html/blog/YiiRoot/framework/web/CController.php(308): CInlineAction->runWithParams(Array)
#11 /var/www/host4.server4/public_html/blog/YiiRoot/framework/web/CController.php(286): CController->runAction(Object(CInlineAction))
#12 /var/www/host4.server4/public_html/blog/YiiRoot/framework/web/CController.php(265): CController->runActionWithFilters(Object(CInlineAction), Array)
#13 /var/www/host4.server4/public_html/blog/YiiRoot/framework/web/CWebApplication.php(282): CController->run('')
#14 /var/www/host4.server4/public_html/blog/YiiRoot/framework/web/CWebApplication.php(141): CWebApplication->runController('users')
#15 /var/www/host4.server4/public_html/blog/YiiRoot/framework/base/CApplication.php(184): CWebApplication->processRequest()
#16 /var/www/host4.server4/public_html/blog/index.php(13): CApplication->run()
#17 {main}
REQUEST_URI=/blog/index.php/users
HTTP_REFERER=http://host4.server4/blog/index.php/gii/crud/index
---
2015/12/02 22:31:02 [error] [exception.CException] exception 'CException' with message 'Alias "bs.TbPanel" is invalid. Make sure it points to an existing directory or file.' in /var/www/host4.server4/public_html/blog/YiiRoot/framework/YiiBase.php:348
Stack trace:
#0 /var/www/host4.server4/public_html/blog/YiiRoot/framework/web/CWidgetFactory.php(146): YiiBase::import('bs.TbPanel', true)
#1 /var/www/host4.server4/public_html/blog/YiiRoot/framework/web/CBaseController.php(146): CWidgetFactory->createWidget(Object(UsersController), 'bs.TbPanel', Array)
#2 /var/www/host4.server4/public_html/blog/YiiRoot/framework/web/CBaseController.php(197): CBaseController->createWidget('bs.TbPanel', Array)
#3 /var/www/host4.server4/public_html/blog/protected/views/users/index.php(20): CBaseController->beginWidget('bs.TbPanel', Array)
#4 /var/www/host4.server4/public_html/blog/YiiRoot/framework/web/CBaseController.php(126): require('/var/www/host4....')
#5 /var/www/host4.server4/public_html/blog/YiiRoot/framework/web/CBaseController.php(95): CBaseController->renderInternal('/var/www/host4....', Array, true)
#6 /var/www/host4.server4/public_html/blog/YiiRoot/framework/web/CController.php(869): CBaseController->renderFile('/var/www/host4....', Array, true)
#7 /var/www/host4.server4/public_html/blog/YiiRoot/framework/web/CController.php(782): CController->renderPartial('index', Array, true)
#8 /var/www/host4.server4/public_html/blog/protected/controllers/UsersController.php(24): CController->render('index', Array)
#9 /var/www/host4.server4/public_html/blog/YiiRoot/framework/web/actions/CInlineAction.php(49): UsersController->actionIndex()
#10 /var/www/host4.server4/public_html/blog/YiiRoot/framework/web/CController.php(308): CInlineAction->runWithParams(Array)
#11 /var/www/host4.server4/public_html/blog/YiiRoot/framework/web/CController.php(286): CController->runAction(Object(CInlineAction))
#12 /var/www/host4.server4/public_html/blog/YiiRoot/framework/web/CController.php(265): CController->runActionWithFilters(Object(CInlineAction), Array)
#13 /var/www/host4.server4/public_html/blog/YiiRoot/framework/web/CWebApplication.php(282): CController->run('')
#14 /var/www/host4.server4/public_html/blog/YiiRoot/framework/web/CWebApplication.php(141): CWebApplication->runController('users')
#15 /var/www/host4.server4/public_html/blog/YiiRoot/framework/base/CApplication.php(184): CWebApplication->processRequest()
#16 /var/www/host4.server4/public_html/blog/index.php(13): CApplication->run()
#17 {main}
REQUEST_URI=/blog/index.php/users
HTTP_REFERER=http://host4.server4/blog/index.php/gii/crud/index
---
2015/12/02 22:40:39 [error] [exception.CException] exception 'CException' with message 'Alias "bs.TbPanel" is invalid. Make sure it points to an existing directory or file.' in /var/www/host4.server4/public_html/blog/YiiRoot/framework/YiiBase.php:348
Stack trace:
#0 /var/www/host4.server4/public_html/blog/YiiRoot/framework/web/CWidgetFactory.php(146): YiiBase::import('bs.TbPanel', true)
#1 /var/www/host4.server4/public_html/blog/YiiRoot/framework/web/CBaseController.php(146): CWidgetFactory->createWidget(Object(UsersController), 'bs.TbPanel', Array)
#2 /var/www/host4.server4/public_html/blog/YiiRoot/framework/web/CBaseController.php(197): CBaseController->createWidget('bs.TbPanel', Array)
#3 /var/www/host4.server4/public_html/blog/protected/views/users/index.php(20): CBaseController->beginWidget('bs.TbPanel', Array)
#4 /var/www/host4.server4/public_html/blog/YiiRoot/framework/web/CBaseController.php(126): require('/var/www/host4....')
#5 /var/www/host4.server4/public_html/blog/YiiRoot/framework/web/CBaseController.php(95): CBaseController->renderInternal('/var/www/host4....', Array, true)
#6 /var/www/host4.server4/public_html/blog/YiiRoot/framework/web/CController.php(869): CBaseController->renderFile('/var/www/host4....', Array, true)
#7 /var/www/host4.server4/public_html/blog/YiiRoot/framework/web/CController.php(782): CController->renderPartial('index', Array, true)
#8 /var/www/host4.server4/public_html/blog/protected/controllers/UsersController.php(24): CController->render('index', Array)
#9 /var/www/host4.server4/public_html/blog/YiiRoot/framework/web/actions/CInlineAction.php(49): UsersController->actionIndex()
#10 /var/www/host4.server4/public_html/blog/YiiRoot/framework/web/CController.php(308): CInlineAction->runWithParams(Array)
#11 /var/www/host4.server4/public_html/blog/YiiRoot/framework/web/CController.php(286): CController->runAction(Object(CInlineAction))
#12 /var/www/host4.server4/public_html/blog/YiiRoot/framework/web/CController.php(265): CController->runActionWithFilters(Object(CInlineAction), Array)
#13 /var/www/host4.server4/public_html/blog/YiiRoot/framework/web/CWebApplication.php(282): CController->run('')
#14 /var/www/host4.server4/public_html/blog/YiiRoot/framework/web/CWebApplication.php(141): CWebApplication->runController('users')
#15 /var/www/host4.server4/public_html/blog/YiiRoot/framework/base/CApplication.php(184): CWebApplication->processRequest()
#16 /var/www/host4.server4/public_html/blog/index.php(13): CApplication->run()
#17 {main}
REQUEST_URI=/blog/index.php/users
HTTP_REFERER=http://host4.server4/blog/index.php/gii/crud/index
---
2015/12/02 22:43:45 [error] [exception.CException] exception 'CException' with message 'Alias "bs.TbPanel" is invalid. Make sure it points to an existing directory or file.' in /var/www/host4.server4/public_html/blog/YiiRoot/framework/YiiBase.php:348
Stack trace:
#0 /var/www/host4.server4/public_html/blog/YiiRoot/framework/web/CWidgetFactory.php(146): YiiBase::import('bs.TbPanel', true)
#1 /var/www/host4.server4/public_html/blog/YiiRoot/framework/web/CBaseController.php(146): CWidgetFactory->createWidget(Object(UsersController), 'bs.TbPanel', Array)
#2 /var/www/host4.server4/public_html/blog/YiiRoot/framework/web/CBaseController.php(197): CBaseController->createWidget('bs.TbPanel', Array)
#3 /var/www/host4.server4/public_html/blog/protected/views/users/index.php(20): CBaseController->beginWidget('bs.TbPanel', Array)
#4 /var/www/host4.server4/public_html/blog/YiiRoot/framework/web/CBaseController.php(126): require('/var/www/host4....')
#5 /var/www/host4.server4/public_html/blog/YiiRoot/framework/web/CBaseController.php(95): CBaseController->renderInternal('/var/www/host4....', Array, true)
#6 /var/www/host4.server4/public_html/blog/YiiRoot/framework/web/CController.php(869): CBaseController->renderFile('/var/www/host4....', Array, true)
#7 /var/www/host4.server4/public_html/blog/YiiRoot/framework/web/CController.php(782): CController->renderPartial('index', Array, true)
#8 /var/www/host4.server4/public_html/blog/protected/controllers/UsersController.php(24): CController->render('index', Array)
#9 /var/www/host4.server4/public_html/blog/YiiRoot/framework/web/actions/CInlineAction.php(49): UsersController->actionIndex()
#10 /var/www/host4.server4/public_html/blog/YiiRoot/framework/web/CController.php(308): CInlineAction->runWithParams(Array)
#11 /var/www/host4.server4/public_html/blog/YiiRoot/framework/web/CController.php(286): CController->runAction(Object(CInlineAction))
#12 /var/www/host4.server4/public_html/blog/YiiRoot/framework/web/CController.php(265): CController->runActionWithFilters(Object(CInlineAction), Array)
#13 /var/www/host4.server4/public_html/blog/YiiRoot/framework/web/CWebApplication.php(282): CController->run('')
#14 /var/www/host4.server4/public_html/blog/YiiRoot/framework/web/CWebApplication.php(141): CWebApplication->runController('users')
#15 /var/www/host4.server4/public_html/blog/YiiRoot/framework/base/CApplication.php(184): CWebApplication->processRequest()
#16 /var/www/host4.server4/public_html/blog/index.php(13): CApplication->run()
#17 {main}
REQUEST_URI=/blog/index.php/users
HTTP_REFERER=http://host4.server4/blog/index.php/gii/crud/index
---
2015/12/02 22:49:23 [error] [exception.CException] exception 'CException' with message 'Alias "bs.TbPanel" is invalid. Make sure it points to an existing directory or file.' in /var/www/host4.server4/public_html/blog/YiiRoot/framework/YiiBase.php:348
Stack trace:
#0 /var/www/host4.server4/public_html/blog/YiiRoot/framework/web/CWidgetFactory.php(146): YiiBase::import('bs.TbPanel', true)
#1 /var/www/host4.server4/public_html/blog/YiiRoot/framework/web/CBaseController.php(146): CWidgetFactory->createWidget(Object(UsersController), 'bs.TbPanel', Array)
#2 /var/www/host4.server4/public_html/blog/YiiRoot/framework/web/CBaseController.php(197): CBaseController->createWidget('bs.TbPanel', Array)
#3 /var/www/host4.server4/public_html/blog/protected/views/users/index.php(20): CBaseController->beginWidget('bs.TbPanel', Array)
#4 /var/www/host4.server4/public_html/blog/YiiRoot/framework/web/CBaseController.php(126): require('/var/www/host4....')
#5 /var/www/host4.server4/public_html/blog/YiiRoot/framework/web/CBaseController.php(95): CBaseController->renderInternal('/var/www/host4....', Array, true)
#6 /var/www/host4.server4/public_html/blog/YiiRoot/framework/web/CController.php(869): CBaseController->renderFile('/var/www/host4....', Array, true)
#7 /var/www/host4.server4/public_html/blog/YiiRoot/framework/web/CController.php(782): CController->renderPartial('index', Array, true)
#8 /var/www/host4.server4/public_html/blog/protected/controllers/UsersController.php(24): CController->render('index', Array)
#9 /var/www/host4.server4/public_html/blog/YiiRoot/framework/web/actions/CInlineAction.php(49): UsersController->actionIndex()
#10 /var/www/host4.server4/public_html/blog/YiiRoot/framework/web/CController.php(308): CInlineAction->runWithParams(Array)
#11 /var/www/host4.server4/public_html/blog/YiiRoot/framework/web/CController.php(286): CController->runAction(Object(CInlineAction))
#12 /var/www/host4.server4/public_html/blog/YiiRoot/framework/web/CController.php(265): CController->runActionWithFilters(Object(CInlineAction), Array)
#13 /var/www/host4.server4/public_html/blog/YiiRoot/framework/web/CWebApplication.php(282): CController->run('')
#14 /var/www/host4.server4/public_html/blog/YiiRoot/framework/web/CWebApplication.php(141): CWebApplication->runController('users')
#15 /var/www/host4.server4/public_html/blog/YiiRoot/framework/base/CApplication.php(184): CWebApplication->processRequest()
#16 /var/www/host4.server4/public_html/blog/index.php(13): CApplication->run()
#17 {main}
REQUEST_URI=/blog/index.php/users
HTTP_REFERER=http://host4.server4/blog/index.php/gii/crud/index
---
2015/12/02 22:52:48 [error] [exception.CException] exception 'CException' with message 'Alias "bs.TbPanel" is invalid. Make sure it points to an existing directory or file.' in /var/www/host4.server4/public_html/blog/YiiRoot/framework/YiiBase.php:348
Stack trace:
#0 /var/www/host4.server4/public_html/blog/YiiRoot/framework/web/CWidgetFactory.php(146): YiiBase::import('bs.TbPanel', true)
#1 /var/www/host4.server4/public_html/blog/YiiRoot/framework/web/CBaseController.php(146): CWidgetFactory->createWidget(Object(UsersController), 'bs.TbPanel', Array)
#2 /var/www/host4.server4/public_html/blog/YiiRoot/framework/web/CBaseController.php(197): CBaseController->createWidget('bs.TbPanel', Array)
#3 /var/www/host4.server4/public_html/blog/protected/views/users/index.php(20): CBaseController->beginWidget('bs.TbPanel', Array)
#4 /var/www/host4.server4/public_html/blog/YiiRoot/framework/web/CBaseController.php(126): require('/var/www/host4....')
#5 /var/www/host4.server4/public_html/blog/YiiRoot/framework/web/CBaseController.php(95): CBaseController->renderInternal('/var/www/host4....', Array, true)
#6 /var/www/host4.server4/public_html/blog/YiiRoot/framework/web/CController.php(869): CBaseController->renderFile('/var/www/host4....', Array, true)
#7 /var/www/host4.server4/public_html/blog/YiiRoot/framework/web/CController.php(782): CController->renderPartial('index', Array, true)
#8 /var/www/host4.server4/public_html/blog/protected/controllers/UsersController.php(24): CController->render('index', Array)
#9 /var/www/host4.server4/public_html/blog/YiiRoot/framework/web/actions/CInlineAction.php(49): UsersController->actionIndex()
#10 /var/www/host4.server4/public_html/blog/YiiRoot/framework/web/CController.php(308): CInlineAction->runWithParams(Array)
#11 /var/www/host4.server4/public_html/blog/YiiRoot/framework/web/CController.php(286): CController->runAction(Object(CInlineAction))
#12 /var/www/host4.server4/public_html/blog/YiiRoot/framework/web/CController.php(265): CController->runActionWithFilters(Object(CInlineAction), Array)
#13 /var/www/host4.server4/public_html/blog/YiiRoot/framework/web/CWebApplication.php(282): CController->run('')
#14 /var/www/host4.server4/public_html/blog/YiiRoot/framework/web/CWebApplication.php(141): CWebApplication->runController('users')
#15 /var/www/host4.server4/public_html/blog/YiiRoot/framework/base/CApplication.php(184): CWebApplication->processRequest()
#16 /var/www/host4.server4/public_html/blog/index.php(13): CApplication->run()
#17 {main}
REQUEST_URI=/blog/index.php/users
HTTP_REFERER=http://host4.server4/blog/index.php/gii/crud/index
---
2015/12/03 15:08:51 [error] [php] Undefined variable: users (/var/www/host4.server4/public_html/blog/protected/views/home/index.php:72)
Stack trace:
#0 /var/www/host4.server4/public_html/blog/YiiRoot/framework/web/CController.php(869): HomeController->renderFile()
#1 /var/www/host4.server4/public_html/blog/YiiRoot/framework/web/CController.php(782): HomeController->renderPartial()
#2 /var/www/host4.server4/public_html/blog/protected/controllers/HomeController.php(8): HomeController->render()
#3 /var/www/host4.server4/public_html/blog/YiiRoot/framework/web/actions/CInlineAction.php(49): HomeController->actionIndex()
#4 /var/www/host4.server4/public_html/blog/YiiRoot/framework/web/CController.php(308): CInlineAction->runWithParams()
#5 /var/www/host4.server4/public_html/blog/YiiRoot/framework/web/CController.php(286): HomeController->runAction()
#6 /var/www/host4.server4/public_html/blog/YiiRoot/framework/web/CController.php(265): HomeController->runActionWithFilters()
#7 /var/www/host4.server4/public_html/blog/YiiRoot/framework/web/CWebApplication.php(282): HomeController->run()
#8 /var/www/host4.server4/public_html/blog/YiiRoot/framework/web/CWebApplication.php(141): CWebApplication->runController()
#9 /var/www/host4.server4/public_html/blog/YiiRoot/framework/base/CApplication.php(184): CWebApplication->processRequest()
#10 /var/www/host4.server4/public_html/blog/index.php(13): CWebApplication->run()
REQUEST_URI=/blog/home/index
in /var/www/host4.server4/public_html/blog/protected/views/home/index.php (72)
in /var/www/host4.server4/public_html/blog/protected/controllers/HomeController.php (8)
in /var/www/host4.server4/public_html/blog/index.php (13)
2015/12/03 15:47:47 [error] [php] include(User.php): failed to open stream: No such file or directory (/var/www/host4.server4/public_html/blog/YiiRoot/framework/YiiBase.php:432)
Stack trace:
#0 /var/www/host4.server4/public_html/blog/protected/controllers/ProfileController.php(11): spl_autoload_call()
#1 /var/www/host4.server4/public_html/blog/YiiRoot/framework/web/actions/CInlineAction.php(49): ProfileController->actionIndex()
#2 /var/www/host4.server4/public_html/blog/YiiRoot/framework/web/CController.php(308): CInlineAction->runWithParams()
#3 /var/www/host4.server4/public_html/blog/YiiRoot/framework/web/CController.php(286): ProfileController->runAction()
#4 /var/www/host4.server4/public_html/blog/YiiRoot/framework/web/CController.php(265): ProfileController->runActionWithFilters()
#5 /var/www/host4.server4/public_html/blog/YiiRoot/framework/web/CWebApplication.php(282): ProfileController->run()
#6 /var/www/host4.server4/public_html/blog/YiiRoot/framework/web/CWebApplication.php(141): CWebApplication->runController()
#7 /var/www/host4.server4/public_html/blog/YiiRoot/framework/base/CApplication.php(184): CWebApplication->processRequest()
#8 /var/www/host4.server4/public_html/blog/index.php(13): CWebApplication->run()
REQUEST_URI=/blog/profile/index
in /var/www/host4.server4/public_html/blog/protected/controllers/ProfileController.php (11)
in /var/www/host4.server4/public_html/blog/index.php (13)
2015/12/03 19:15:42 [error] [php] Undefined variable: form (/var/www/host4.server4/public_html/blog/protected/views/profile/index.php:40)
Stack trace:
#0 /var/www/host4.server4/public_html/blog/YiiRoot/framework/web/CController.php(869): ProfileController->renderFile()
#1 /var/www/host4.server4/public_html/blog/YiiRoot/framework/web/CController.php(782): ProfileController->renderPartial()
#2 /var/www/host4.server4/public_html/blog/protected/controllers/ProfileController.php(8): ProfileController->render()
#3 /var/www/host4.server4/public_html/blog/YiiRoot/framework/web/actions/CInlineAction.php(49): ProfileController->actionIndex()
#4 /var/www/host4.server4/public_html/blog/YiiRoot/framework/web/CController.php(308): CInlineAction->runWithParams()
#5 /var/www/host4.server4/public_html/blog/YiiRoot/framework/web/CController.php(286): ProfileController->runAction()
#6 /var/www/host4.server4/public_html/blog/YiiRoot/framework/web/CController.php(265): ProfileController->runActionWithFilters()
#7 /var/www/host4.server4/public_html/blog/YiiRoot/framework/web/CWebApplication.php(282): ProfileController->run()
#8 /var/www/host4.server4/public_html/blog/YiiRoot/framework/web/CWebApplication.php(141): CWebApplication->runController()
#9 /var/www/host4.server4/public_html/blog/YiiRoot/framework/base/CApplication.php(184): CWebApplication->processRequest()
#10 /var/www/host4.server4/public_html/blog/index.php(13): CWebApplication->run()
REQUEST_URI=/blog/profile/index
in /var/www/host4.server4/public_html/blog/protected/views/profile/index.php (40)
in /var/www/host4.server4/public_html/blog/protected/controllers/ProfileController.php (8)
in /var/www/host4.server4/public_html/blog/index.php (13)
2015/12/03 19:30:16 [error] [php] Undefined variable: form (/var/www/host4.server4/public_html/blog/protected/views/profile/index.php:111)
Stack trace:
#0 /var/www/host4.server4/public_html/blog/YiiRoot/framework/web/CController.php(869): ProfileController->renderFile()
#1 /var/www/host4.server4/public_html/blog/YiiRoot/framework/web/CController.php(782): ProfileController->renderPartial()
#2 /var/www/host4.server4/public_html/blog/protected/controllers/ProfileController.php(18): ProfileController->render()
#3 /var/www/host4.server4/public_html/blog/YiiRoot/framework/web/actions/CInlineAction.php(49): ProfileController->actionIndex()
#4 /var/www/host4.server4/public_html/blog/YiiRoot/framework/web/CController.php(308): CInlineAction->runWithParams()
#5 /var/www/host4.server4/public_html/blog/YiiRoot/framework/web/CController.php(286): ProfileController->runAction()
#6 /var/www/host4.server4/public_html/blog/YiiRoot/framework/web/CController.php(265): ProfileController->runActionWithFilters()
#7 /var/www/host4.server4/public_html/blog/YiiRoot/framework/web/CWebApplication.php(282): ProfileController->run()
#8 /var/www/host4.server4/public_html/blog/YiiRoot/framework/web/CWebApplication.php(141): CWebApplication->runController()
#9 /var/www/host4.server4/public_html/blog/YiiRoot/framework/base/CApplication.php(184): CWebApplication->processRequest()
#10 /var/www/host4.server4/public_html/blog/index.php(13): CWebApplication->run()
REQUEST_URI=/blog/profile/index
in /var/www/host4.server4/public_html/blog/protected/views/profile/index.php (111)
in /var/www/host4.server4/public_html/blog/protected/controllers/ProfileController.php (18)
in /var/www/host4.server4/public_html/blog/index.php (13)
2015/12/03 19:34:58 [error] [exception.CHttpException.404] exception 'CHttpException' with message 'The system is unable to find the requested action "home".' in /var/www/host4.server4/public_html/blog/YiiRoot/framework/web/CController.php:483
Stack trace:
#0 /var/www/host4.server4/public_html/blog/YiiRoot/framework/web/CController.php(270): CController->missingAction('home')
#1 /var/www/host4.server4/public_html/blog/YiiRoot/framework/web/CWebApplication.php(282): CController->run('home')
#2 /var/www/host4.server4/public_html/blog/YiiRoot/framework/web/CWebApplication.php(141): CWebApplication->runController('profile/home/in...')
#3 /var/www/host4.server4/public_html/blog/YiiRoot/framework/base/CApplication.php(184): CWebApplication->processRequest()
#4 /var/www/host4.server4/public_html/blog/index.php(13): CApplication->run()
#5 {main}
REQUEST_URI=/blog/profile/home/index
HTTP_REFERER=http://host4.server4/blog/profile/index
---
2015/12/03 21:46:31 [error] [exception.CHttpException.404] exception 'CHttpException' with message 'Unable to resolve the request "css/bootstrap-material-design.min.css.map".' in /var/www/host4.server4/public_html/blog/YiiRoot/framework/web/CWebApplication.php:286
Stack trace:
#0 /var/www/host4.server4/public_html/blog/YiiRoot/framework/web/CWebApplication.php(141): CWebApplication->runController('css/bootstrap-m...')
#1 /var/www/host4.server4/public_html/blog/YiiRoot/framework/base/CApplication.php(184): CWebApplication->processRequest()
#2 /var/www/host4.server4/public_html/blog/index.php(13): CApplication->run()
#3 {main}
REQUEST_URI=/blog/css/bootstrap-material-design.min.css.map
---
2015/12/03 21:52:10 [error] [exception.CHttpException.404] exception 'CHttpException' with message 'Unable to resolve the request "css/bootstrap-material-design.min.css.map".' in /var/www/host4.server4/public_html/blog/YiiRoot/framework/web/CWebApplication.php:286
Stack trace:
#0 /var/www/host4.server4/public_html/blog/YiiRoot/framework/web/CWebApplication.php(141): CWebApplication->runController('css/bootstrap-m...')
#1 /var/www/host4.server4/public_html/blog/YiiRoot/framework/base/CApplication.php(184): CWebApplication->processRequest()
#2 /var/www/host4.server4/public_html/blog/index.php(13): CApplication->run()
#3 {main}
REQUEST_URI=/blog/css/bootstrap-material-design.min.css.map
---
2015/12/03 21:53:31 [error] [exception.CHttpException.404] exception 'CHttpException' with message 'Unable to resolve the request "css/bootstrap-material-design.min.css.map".' in /var/www/host4.server4/public_html/blog/YiiRoot/framework/web/CWebApplication.php:286
Stack trace:
#0 /var/www/host4.server4/public_html/blog/YiiRoot/framework/web/CWebApplication.php(141): CWebApplication->runController('css/bootstrap-m...')
#1 /var/www/host4.server4/public_html/blog/YiiRoot/framework/base/CApplication.php(184): CWebApplication->processRequest()
#2 /var/www/host4.server4/public_html/blog/index.php(13): CApplication->run()
#3 {main}
REQUEST_URI=/blog/css/bootstrap-material-design.min.css.map
---
2015/12/03 21:53:32 [error] [exception.CHttpException.404] exception 'CHttpException' with message 'Unable to resolve the request "js/ripples.min.js.map".' in /var/www/host4.server4/public_html/blog/YiiRoot/framework/web/CWebApplication.php:286
Stack trace:
#0 /var/www/host4.server4/public_html/blog/YiiRoot/framework/web/CWebApplication.php(141): CWebApplication->runController('js/ripples.min....')
#1 /var/www/host4.server4/public_html/blog/YiiRoot/framework/base/CApplication.php(184): CWebApplication->processRequest()
#2 /var/www/host4.server4/public_html/blog/index.php(13): CApplication->run()
#3 {main}
REQUEST_URI=/blog/js/ripples.min.js.map
---
2015/12/03 21:54:18 [error] [exception.CHttpException.404] exception 'CHttpException' with message 'Unable to resolve the request "js/material.js".' in /var/www/host4.server4/public_html/blog/YiiRoot/framework/web/CWebApplication.php:286
Stack trace:
#0 /var/www/host4.server4/public_html/blog/YiiRoot/framework/web/CWebApplication.php(141): CWebApplication->runController('js/material.js')
#1 /var/www/host4.server4/public_html/blog/YiiRoot/framework/base/CApplication.php(184): CWebApplication->processRequest()
#2 /var/www/host4.server4/public_html/blog/index.php(13): CApplication->run()
#3 {main}
REQUEST_URI=/blog/js/material.js
---
2015/12/03 21:55:08 [error] [exception.CHttpException.404] exception 'CHttpException' with message 'Unable to resolve the request "js/ripples.min.js.map".' in /var/www/host4.server4/public_html/blog/YiiRoot/framework/web/CWebApplication.php:286
Stack trace:
#0 /var/www/host4.server4/public_html/blog/YiiRoot/framework/web/CWebApplication.php(141): CWebApplication->runController('js/ripples.min....')
#1 /var/www/host4.server4/public_html/blog/YiiRoot/framework/base/CApplication.php(184): CWebApplication->processRequest()
#2 /var/www/host4.server4/public_html/blog/index.php(13): CApplication->run()
#3 {main}
REQUEST_URI=/blog/js/ripples.min.js.map
---
2015/12/03 21:55:08 [error] [exception.CHttpException.404] exception 'CHttpException' with message 'Unable to resolve the request "css/bootstrap-material-design.min.css.map".' in /var/www/host4.server4/public_html/blog/YiiRoot/framework/web/CWebApplication.php:286
Stack trace:
#0 /var/www/host4.server4/public_html/blog/YiiRoot/framework/web/CWebApplication.php(141): CWebApplication->runController('css/bootstrap-m...')
#1 /var/www/host4.server4/public_html/blog/YiiRoot/framework/base/CApplication.php(184): CWebApplication->processRequest()
#2 /var/www/host4.server4/public_html/blog/index.php(13): CApplication->run()
#3 {main}
REQUEST_URI=/blog/css/bootstrap-material-design.min.css.map
---
2015/12/03 21:59:06 [error] [exception.CHttpException.404] exception 'CHttpException' with message 'Unable to resolve the request "css/bootstrap-material-design.min.css.map".' in /var/www/host4.server4/public_html/blog/YiiRoot/framework/web/CWebApplication.php:286
Stack trace:
#0 /var/www/host4.server4/public_html/blog/YiiRoot/framework/web/CWebApplication.php(141): CWebApplication->runController('css/bootstrap-m...')
#1 /var/www/host4.server4/public_html/blog/YiiRoot/framework/base/CApplication.php(184): CWebApplication->processRequest()
#2 /var/www/host4.server4/public_html/blog/index.php(13): CApplication->run()
#3 {main}
REQUEST_URI=/blog/css/bootstrap-material-design.min.css.map
---
2015/12/03 21:59:06 [error] [exception.CHttpException.404] exception 'CHttpException' with message 'Unable to resolve the request "js/ripples.min.js.map".' in /var/www/host4.server4/public_html/blog/YiiRoot/framework/web/CWebApplication.php:286
Stack trace:
#0 /var/www/host4.server4/public_html/blog/YiiRoot/framework/web/CWebApplication.php(141): CWebApplication->runController('js/ripples.min....')
#1 /var/www/host4.server4/public_html/blog/YiiRoot/framework/base/CApplication.php(184): CWebApplication->processRequest()
#2 /var/www/host4.server4/public_html/blog/index.php(13): CApplication->run()
#3 {main}
REQUEST_URI=/blog/js/ripples.min.js.map
---
2015/12/03 21:59:06 [error] [exception.CHttpException.404] exception 'CHttpException' with message 'Unable to resolve the request "css/ripples.min.css.map".' in /var/www/host4.server4/public_html/blog/YiiRoot/framework/web/CWebApplication.php:286
Stack trace:
#0 /var/www/host4.server4/public_html/blog/YiiRoot/framework/web/CWebApplication.php(141): CWebApplication->runController('css/ripples.min...')
#1 /var/www/host4.server4/public_html/blog/YiiRoot/framework/base/CApplication.php(184): CWebApplication->processRequest()
#2 /var/www/host4.server4/public_html/blog/index.php(13): CApplication->run()
#3 {main}
REQUEST_URI=/blog/css/ripples.min.css.map
---
2015/12/03 22:01:50 [error] [exception.CHttpException.404] exception 'CHttpException' with message 'Unable to resolve the request "css/bootstrap-material-design.min.css.map".' in /var/www/host4.server4/public_html/blog/YiiRoot/framework/web/CWebApplication.php:286
Stack trace:
#0 /var/www/host4.server4/public_html/blog/YiiRoot/framework/web/CWebApplication.php(141): CWebApplication->runController('css/bootstrap-m...')
#1 /var/www/host4.server4/public_html/blog/YiiRoot/framework/base/CApplication.php(184): CWebApplication->processRequest()
#2 /var/www/host4.server4/public_html/blog/index.php(13): CApplication->run()
#3 {main}
REQUEST_URI=/blog/css/bootstrap-material-design.min.css.map
---
2015/12/03 22:01:50 [error] [exception.CHttpException.404] exception 'CHttpException' with message 'Unable to resolve the request "css/ripples.min.css.map".' in /var/www/host4.server4/public_html/blog/YiiRoot/framework/web/CWebApplication.php:286
Stack trace:
#0 /var/www/host4.server4/public_html/blog/YiiRoot/framework/web/CWebApplication.php(141): CWebApplication->runController('css/ripples.min...')
#1 /var/www/host4.server4/public_html/blog/YiiRoot/framework/base/CApplication.php(184): CWebApplication->processRequest()
#2 /var/www/host4.server4/public_html/blog/index.php(13): CApplication->run()
#3 {main}
REQUEST_URI=/blog/css/ripples.min.css.map
---
2015/12/03 22:01:50 [error] [exception.CHttpException.404] exception 'CHttpException' with message 'Unable to resolve the request "js/ripples.min.js.map".' in /var/www/host4.server4/public_html/blog/YiiRoot/framework/web/CWebApplication.php:286
Stack trace:
#0 /var/www/host4.server4/public_html/blog/YiiRoot/framework/web/CWebApplication.php(141): CWebApplication->runController('js/ripples.min....')
#1 /var/www/host4.server4/public_html/blog/YiiRoot/framework/base/CApplication.php(184): CWebApplication->processRequest()
#2 /var/www/host4.server4/public_html/blog/index.php(13): CApplication->run()
#3 {main}
REQUEST_URI=/blog/js/ripples.min.js.map
---
2015/12/03 22:03:08 [error] [exception.CHttpException.404] exception 'CHttpException' with message 'Unable to resolve the request "css/ripples.min.css.map".' in /var/www/host4.server4/public_html/blog/YiiRoot/framework/web/CWebApplication.php:286
Stack trace:
#0 /var/www/host4.server4/public_html/blog/YiiRoot/framework/web/CWebApplication.php(141): CWebApplication->runController('css/ripples.min...')
#1 /var/www/host4.server4/public_html/blog/YiiRoot/framework/base/CApplication.php(184): CWebApplication->processRequest()
#2 /var/www/host4.server4/public_html/blog/index.php(13): CApplication->run()
#3 {main}
REQUEST_URI=/blog/css/ripples.min.css.map
---
2015/12/03 22:03:08 [error] [exception.CHttpException.404] exception 'CHttpException' with message 'Unable to resolve the request "js/ripples.min.js.map".' in /var/www/host4.server4/public_html/blog/YiiRoot/framework/web/CWebApplication.php:286
Stack trace:
#0 /var/www/host4.server4/public_html/blog/YiiRoot/framework/web/CWebApplication.php(141): CWebApplication->runController('js/ripples.min....')
#1 /var/www/host4.server4/public_html/blog/YiiRoot/framework/base/CApplication.php(184): CWebApplication->processRequest()
#2 /var/www/host4.server4/public_html/blog/index.php(13): CApplication->run()
#3 {main}
REQUEST_URI=/blog/js/ripples.min.js.map
---
2015/12/03 22:03:08 [error] [exception.CHttpException.404] exception 'CHttpException' with message 'Unable to resolve the request "css/bootstrap-material-design.min.css.map".' in /var/www/host4.server4/public_html/blog/YiiRoot/framework/web/CWebApplication.php:286
Stack trace:
#0 /var/www/host4.server4/public_html/blog/YiiRoot/framework/web/CWebApplication.php(141): CWebApplication->runController('css/bootstrap-m...')
#1 /var/www/host4.server4/public_html/blog/YiiRoot/framework/base/CApplication.php(184): CWebApplication->processRequest()
#2 /var/www/host4.server4/public_html/blog/index.php(13): CApplication->run()
#3 {main}
REQUEST_URI=/blog/css/bootstrap-material-design.min.css.map
---
2015/12/03 22:03:28 [error] [exception.CHttpException.404] exception 'CHttpException' with message 'Unable to resolve the request "bootstrap-elements.html".' in /var/www/host4.server4/public_html/blog/YiiRoot/framework/web/CWebApplication.php:286
Stack trace:
#0 /var/www/host4.server4/public_html/blog/YiiRoot/framework/web/CWebApplication.php(141): CWebApplication->runController('bootstrap-eleme...')
#1 /var/www/host4.server4/public_html/blog/YiiRoot/framework/base/CApplication.php(184): CWebApplication->processRequest()
#2 /var/www/host4.server4/public_html/blog/index.php(13): CApplication->run()
#3 {main}
REQUEST_URI=/blog/bootstrap-elements.html
HTTP_REFERER=http://host4.server4/blog/index.php
---
2015/12/03 22:10:30 [error] [exception.CHttpException.404] exception 'CHttpException' with message 'Unable to resolve the request "bootstrap-elements.html".' in /var/www/host4.server4/public_html/blog/YiiRoot/framework/web/CWebApplication.php:286
Stack trace:
#0 /var/www/host4.server4/public_html/blog/YiiRoot/framework/web/CWebApplication.php(141): CWebApplication->runController('bootstrap-eleme...')
#1 /var/www/host4.server4/public_html/blog/YiiRoot/framework/base/CApplication.php(184): CWebApplication->processRequest()
#2 /var/www/host4.server4/public_html/blog/index.php(13): CApplication->run()
#3 {main}
REQUEST_URI=/blog/bootstrap-elements.html
HTTP_REFERER=http://host4.server4/blog/index.php
---
2015/12/03 22:10:37 [error] [exception.CHttpException.404] exception 'CHttpException' with message 'Unable to resolve the request "bootstrap-elements.html".' in /var/www/host4.server4/public_html/blog/YiiRoot/framework/web/CWebApplication.php:286
Stack trace:
#0 /var/www/host4.server4/public_html/blog/YiiRoot/framework/web/CWebApplication.php(141): CWebApplication->runController('bootstrap-eleme...')
#1 /var/www/host4.server4/public_html/blog/YiiRoot/framework/base/CApplication.php(184): CWebApplication->processRequest()
#2 /var/www/host4.server4/public_html/blog/index.php(13): CApplication->run()
#3 {main}
REQUEST_URI=/blog/bootstrap-elements.html
HTTP_REFERER=http://host4.server4/blog/index.php
---
2015/12/03 22:11:01 [error] [exception.CHttpException.404] exception 'CHttpException' with message 'Unable to resolve the request "bootstrap-elements.html".' in /var/www/host4.server4/public_html/blog/YiiRoot/framework/web/CWebApplication.php:286
Stack trace:
#0 /var/www/host4.server4/public_html/blog/YiiRoot/framework/web/CWebApplication.php(141): CWebApplication->runController('bootstrap-eleme...')
#1 /var/www/host4.server4/public_html/blog/YiiRoot/framework/base/CApplication.php(184): CWebApplication->processRequest()
#2 /var/www/host4.server4/public_html/blog/index.php(13): CApplication->run()
#3 {main}
REQUEST_URI=/blog/bootstrap-elements.html
HTTP_REFERER=http://host4.server4/blog/index.php
---
2015/12/03 22:11:14 [error] [exception.CHttpException.404] exception 'CHttpException' with message 'Unable to resolve the request "js/ripples.min.js.map".' in /var/www/host4.server4/public_html/blog/YiiRoot/framework/web/CWebApplication.php:286
Stack trace:
#0 /var/www/host4.server4/public_html/blog/YiiRoot/framework/web/CWebApplication.php(141): CWebApplication->runController('js/ripples.min....')
#1 /var/www/host4.server4/public_html/blog/YiiRoot/framework/base/CApplication.php(184): CWebApplication->processRequest()
#2 /var/www/host4.server4/public_html/blog/index.php(13): CApplication->run()
#3 {main}
REQUEST_URI=/blog/js/ripples.min.js.map
---
2015/12/03 22:11:14 [error] [exception.CHttpException.404] exception 'CHttpException' with message 'Unable to resolve the request "css/bootstrap.min.css.map".' in /var/www/host4.server4/public_html/blog/YiiRoot/framework/web/CWebApplication.php:286
Stack trace:
#0 /var/www/host4.server4/public_html/blog/YiiRoot/framework/web/CWebApplication.php(141): CWebApplication->runController('css/bootstrap.m...')
#1 /var/www/host4.server4/public_html/blog/YiiRoot/framework/base/CApplication.php(184): CWebApplication->processRequest()
#2 /var/www/host4.server4/public_html/blog/index.php(13): CApplication->run()
#3 {main}
REQUEST_URI=/blog/css/bootstrap.min.css.map
---
2015/12/03 22:11:14 [error] [exception.CHttpException.404] exception 'CHttpException' with message 'Unable to resolve the request "css/bootstrap-theme.min.css.map".' in /var/www/host4.server4/public_html/blog/YiiRoot/framework/web/CWebApplication.php:286
Stack trace:
#0 /var/www/host4.server4/public_html/blog/YiiRoot/framework/web/CWebApplication.php(141): CWebApplication->runController('css/bootstrap-t...')
#1 /var/www/host4.server4/public_html/blog/YiiRoot/framework/base/CApplication.php(184): CWebApplication->processRequest()
#2 /var/www/host4.server4/public_html/blog/index.php(13): CApplication->run()
#3 {main}
REQUEST_URI=/blog/css/bootstrap-theme.min.css.map
---
2015/12/03 22:11:14 [error] [exception.CHttpException.404] exception 'CHttpException' with message 'Unable to resolve the request "css/bootstrap-material-design.min.css.map".' in /var/www/host4.server4/public_html/blog/YiiRoot/framework/web/CWebApplication.php:286
Stack trace:
#0 /var/www/host4.server4/public_html/blog/YiiRoot/framework/web/CWebApplication.php(141): CWebApplication->runController('css/bootstrap-m...')
#1 /var/www/host4.server4/public_html/blog/YiiRoot/framework/base/CApplication.php(184): CWebApplication->processRequest()
#2 /var/www/host4.server4/public_html/blog/index.php(13): CApplication->run()
#3 {main}
REQUEST_URI=/blog/css/bootstrap-material-design.min.css.map
---
2015/12/03 22:11:14 [error] [exception.CHttpException.404] exception 'CHttpException' with message 'Unable to resolve the request "css/ripples.min.css.map".' in /var/www/host4.server4/public_html/blog/YiiRoot/framework/web/CWebApplication.php:286
Stack trace:
#0 /var/www/host4.server4/public_html/blog/YiiRoot/framework/web/CWebApplication.php(141): CWebApplication->runController('css/ripples.min...')
#1 /var/www/host4.server4/public_html/blog/YiiRoot/framework/base/CApplication.php(184): CWebApplication->processRequest()
#2 /var/www/host4.server4/public_html/blog/index.php(13): CApplication->run()
#3 {main}
REQUEST_URI=/blog/css/ripples.min.css.map
---
2015/12/03 22:13:37 [error] [exception.CHttpException.404] exception 'CHttpException' with message 'Unable to resolve the request "css/bootstrap.min.css.map".' in /var/www/host4.server4/public_html/blog/YiiRoot/framework/web/CWebApplication.php:286
Stack trace:
#0 /var/www/host4.server4/public_html/blog/YiiRoot/framework/web/CWebApplication.php(141): CWebApplication->runController('css/bootstrap.m...')
#1 /var/www/host4.server4/public_html/blog/YiiRoot/framework/base/CApplication.php(184): CWebApplication->processRequest()
#2 /var/www/host4.server4/public_html/blog/index.php(13): CApplication->run()
#3 {main}
REQUEST_URI=/blog/css/bootstrap.min.css.map
---
2015/12/03 22:13:37 [error] [exception.CHttpException.404] exception 'CHttpException' with message 'Unable to resolve the request "css/ripples.min.css.map".' in /var/www/host4.server4/public_html/blog/YiiRoot/framework/web/CWebApplication.php:286
Stack trace:
#0 /var/www/host4.server4/public_html/blog/YiiRoot/framework/web/CWebApplication.php(141): CWebApplication->runController('css/ripples.min...')
#1 /var/www/host4.server4/public_html/blog/YiiRoot/framework/base/CApplication.php(184): CWebApplication->processRequest()
#2 /var/www/host4.server4/public_html/blog/index.php(13): CApplication->run()
#3 {main}
REQUEST_URI=/blog/css/ripples.min.css.map
---
2015/12/03 22:13:37 [error] [exception.CHttpException.404] exception 'CHttpException' with message 'Unable to resolve the request "css/bootstrap-material-design.min.css.map".' in /var/www/host4.server4/public_html/blog/YiiRoot/framework/web/CWebApplication.php:286
Stack trace:
#0 /var/www/host4.server4/public_html/blog/YiiRoot/framework/web/CWebApplication.php(141): CWebApplication->runController('css/bootstrap-m...')
#1 /var/www/host4.server4/public_html/blog/YiiRoot/framework/base/CApplication.php(184): CWebApplication->processRequest()
#2 /var/www/host4.server4/public_html/blog/index.php(13): CApplication->run()
#3 {main}
REQUEST_URI=/blog/css/bootstrap-material-design.min.css.map
---
2015/12/03 22:13:37 [error] [exception.CHttpException.404] exception 'CHttpException' with message 'Unable to resolve the request "css/bootstrap-theme.min.css.map".' in /var/www/host4.server4/public_html/blog/YiiRoot/framework/web/CWebApplication.php:286
Stack trace:
#0 /var/www/host4.server4/public_html/blog/YiiRoot/framework/web/CWebApplication.php(141): CWebApplication->runController('css/bootstrap-t...')
#1 /var/www/host4.server4/public_html/blog/YiiRoot/framework/base/CApplication.php(184): CWebApplication->processRequest()
#2 /var/www/host4.server4/public_html/blog/index.php(13): CApplication->run()
#3 {main}
REQUEST_URI=/blog/css/bootstrap-theme.min.css.map
---
2015/12/03 22:13:37 [error] [exception.CHttpException.404] exception 'CHttpException' with message 'Unable to resolve the request "js/ripples.min.js.map".' in /var/www/host4.server4/public_html/blog/YiiRoot/framework/web/CWebApplication.php:286
Stack trace:
#0 /var/www/host4.server4/public_html/blog/YiiRoot/framework/web/CWebApplication.php(141): CWebApplication->runController('js/ripples.min....')
#1 /var/www/host4.server4/public_html/blog/YiiRoot/framework/base/CApplication.php(184): CWebApplication->processRequest()
#2 /var/www/host4.server4/public_html/blog/index.php(13): CApplication->run()
#3 {main}
REQUEST_URI=/blog/js/ripples.min.js.map
---
2015/12/03 22:14:19 [error] [exception.CHttpException.404] exception 'CHttpException' with message 'Unable to resolve the request "css/bootstrap-theme.min.css.map".' in /var/www/host4.server4/public_html/blog/YiiRoot/framework/web/CWebApplication.php:286
Stack trace:
#0 /var/www/host4.server4/public_html/blog/YiiRoot/framework/web/CWebApplication.php(141): CWebApplication->runController('css/bootstrap-t...')
#1 /var/www/host4.server4/public_html/blog/YiiRoot/framework/base/CApplication.php(184): CWebApplication->processRequest()
#2 /var/www/host4.server4/public_html/blog/index.php(13): CApplication->run()
#3 {main}
REQUEST_URI=/blog/css/bootstrap-theme.min.css.map
---
2015/12/03 22:14:19 [error] [exception.CHttpException.404] exception 'CHttpException' with message 'Unable to resolve the request "css/ripples.min.css.map".' in /var/www/host4.server4/public_html/blog/YiiRoot/framework/web/CWebApplication.php:286
Stack trace:
#0 /var/www/host4.server4/public_html/blog/YiiRoot/framework/web/CWebApplication.php(141): CWebApplication->runController('css/ripples.min...')
#1 /var/www/host4.server4/public_html/blog/YiiRoot/framework/base/CApplication.php(184): CWebApplication->processRequest()
#2 /var/www/host4.server4/public_html/blog/index.php(13): CApplication->run()
#3 {main}
REQUEST_URI=/blog/css/ripples.min.css.map
---
2015/12/03 22:14:19 [error] [exception.CHttpException.404] exception 'CHttpException' with message 'Unable to resolve the request "css/bootstrap-material-design.min.css.map".' in /var/www/host4.server4/public_html/blog/YiiRoot/framework/web/CWebApplication.php:286
Stack trace:
#0 /var/www/host4.server4/public_html/blog/YiiRoot/framework/web/CWebApplication.php(141): CWebApplication->runController('css/bootstrap-m...')
#1 /var/www/host4.server4/public_html/blog/YiiRoot/framework/base/CApplication.php(184): CWebApplication->processRequest()
#2 /var/www/host4.server4/public_html/blog/index.php(13): CApplication->run()
#3 {main}
REQUEST_URI=/blog/css/bootstrap-material-design.min.css.map
---
2015/12/03 22:14:19 [error] [exception.CHttpException.404] exception 'CHttpException' with message 'Unable to resolve the request "css/bootstrap.min.css.map".' in /var/www/host4.server4/public_html/blog/YiiRoot/framework/web/CWebApplication.php:286
Stack trace:
#0 /var/www/host4.server4/public_html/blog/YiiRoot/framework/web/CWebApplication.php(141): CWebApplication->runController('css/bootstrap.m...')
#1 /var/www/host4.server4/public_html/blog/YiiRoot/framework/base/CApplication.php(184): CWebApplication->processRequest()
#2 /var/www/host4.server4/public_html/blog/index.php(13): CApplication->run()
#3 {main}
REQUEST_URI=/blog/css/bootstrap.min.css.map
---
2015/12/03 22:14:19 [error] [exception.CHttpException.404] exception 'CHttpException' with message 'Unable to resolve the request "js/ripples.min.js.map".' in /var/www/host4.server4/public_html/blog/YiiRoot/framework/web/CWebApplication.php:286
Stack trace:
#0 /var/www/host4.server4/public_html/blog/YiiRoot/framework/web/CWebApplication.php(141): CWebApplication->runController('js/ripples.min....')
#1 /var/www/host4.server4/public_html/blog/YiiRoot/framework/base/CApplication.php(184): CWebApplication->processRequest()
#2 /var/www/host4.server4/public_html/blog/index.php(13): CApplication->run()
#3 {main}
REQUEST_URI=/blog/js/ripples.min.js.map
---
2015/12/04 18:24:01 [error] [exception.CHttpException.404] exception 'CHttpException' with message 'Unable to resolve the request "controllers/profile".' in /var/www/host4.server4/public_html/blog/YiiRoot/framework/web/CWebApplication.php:286
Stack trace:
#0 /var/www/host4.server4/public_html/blog/YiiRoot/framework/web/CWebApplication.php(141): CWebApplication->runController('controllers/pro...')
#1 /var/www/host4.server4/public_html/blog/YiiRoot/framework/base/CApplication.php(184): CWebApplication->processRequest()
#2 /var/www/host4.server4/public_html/blog/index.php(13): CApplication->run()
#3 {main}
REQUEST_URI=/blog/controllers/profile?
HTTP_REFERER=http://host4.server4/blog/index.php?
---
2015/12/04 18:24:30 [error] [exception.CHttpException.404] exception 'CHttpException' with message 'Unable to resolve the request "controllers/profile".' in /var/www/host4.server4/public_html/blog/YiiRoot/framework/web/CWebApplication.php:286
Stack trace:
#0 /var/www/host4.server4/public_html/blog/YiiRoot/framework/web/CWebApplication.php(141): CWebApplication->runController('controllers/pro...')
#1 /var/www/host4.server4/public_html/blog/YiiRoot/framework/base/CApplication.php(184): CWebApplication->processRequest()
#2 /var/www/host4.server4/public_html/blog/index.php(13): CApplication->run()
#3 {main}
REQUEST_URI=/blog/controllers/profile?
HTTP_REFERER=http://host4.server4/blog/index.php?
---
